 
****************************************
Report : timing
        -path full
        -delay max
        -max_paths 1
Design : SystolicPod
Version: P-2019.03-SP1
Date   : Thu Sep 16 18:42:36 2021
****************************************

 # A fanout number of 1000 was used for high fanout net computations.

Operating Conditions: ss0p81v125c   Library: tcbn28hpmbwp35ss0p81v125c
Wire Load Model Mode: segmented

  Startpoint: array/PE_22_2/w1_reg_1_
              (rising edge-triggered flip-flop clocked by global_clk)
  Endpoint: array/REG_34_reg_15_
            (rising edge-triggered flip-flop clocked by global_clk)
  Path Group: global_clk
  Path Type: max

  Des/Clust/Port     Wire Load Model       Library
  ------------------------------------------------
  ProcessingElement_1022
                     ZeroWireload          tcbn28hpmbwp35ss0p81v125c
  ProcessingElement_1021
                     ZeroWireload          tcbn28hpmbwp35ss0p81v125c
  ProcessingElement_1020
                     ZeroWireload          tcbn28hpmbwp35ss0p81v125c
  ProcessingElement_1019
                     ZeroWireload          tcbn28hpmbwp35ss0p81v125c
  ProcessingElement_1018
                     ZeroWireload          tcbn28hpmbwp35ss0p81v125c
  ProcessingElement_1017
                     ZeroWireload          tcbn28hpmbwp35ss0p81v125c
  ProcessingElement_1016
                     ZeroWireload          tcbn28hpmbwp35ss0p81v125c
  ProcessingElement_1015
                     ZeroWireload          tcbn28hpmbwp35ss0p81v125c
  ProcessingElement_1014
                     ZeroWireload          tcbn28hpmbwp35ss0p81v125c
  ProcessingElement_1013
                     ZeroWireload          tcbn28hpmbwp35ss0p81v125c
  ProcessingElement_1012
                     ZeroWireload          tcbn28hpmbwp35ss0p81v125c
  ProcessingElement_1011
                     ZeroWireload          tcbn28hpmbwp35ss0p81v125c
  ProcessingElement_1010
                     ZeroWireload          tcbn28hpmbwp35ss0p81v125c
  ProcessingElement_1009
                     ZeroWireload          tcbn28hpmbwp35ss0p81v125c
  ProcessingElement_1008
                     ZeroWireload          tcbn28hpmbwp35ss0p81v125c
  ProcessingElement_1007
                     ZeroWireload          tcbn28hpmbwp35ss0p81v125c
  ProcessingElement_1006
                     ZeroWireload          tcbn28hpmbwp35ss0p81v125c
  ProcessingElement_1005
                     ZeroWireload          tcbn28hpmbwp35ss0p81v125c
  ProcessingElement_1004
                     ZeroWireload          tcbn28hpmbwp35ss0p81v125c
  ProcessingElement_1003
                     ZeroWireload          tcbn28hpmbwp35ss0p81v125c
  ProcessingElement_1002
                     ZeroWireload          tcbn28hpmbwp35ss0p81v125c
  ProcessingElement_1001
                     ZeroWireload          tcbn28hpmbwp35ss0p81v125c
  ProcessingElement_1000
                     ZeroWireload          tcbn28hpmbwp35ss0p81v125c
  ProcessingElement_999
                     ZeroWireload          tcbn28hpmbwp35ss0p81v125c
  ProcessingElement_998
                     ZeroWireload          tcbn28hpmbwp35ss0p81v125c
  ProcessingElement_997
                     ZeroWireload          tcbn28hpmbwp35ss0p81v125c
  ProcessingElement_996
                     ZeroWireload          tcbn28hpmbwp35ss0p81v125c
  ProcessingElement_995
                     ZeroWireload          tcbn28hpmbwp35ss0p81v125c
  ProcessingElement_994
                     ZeroWireload          tcbn28hpmbwp35ss0p81v125c
  ProcessingElement_993
                     ZeroWireload          tcbn28hpmbwp35ss0p81v125c
  ProcessingElement_992
                     ZeroWireload          tcbn28hpmbwp35ss0p81v125c
  ProcessingElement_991
                     ZeroWireload          tcbn28hpmbwp35ss0p81v125c
  ProcessingElement_990
                     ZeroWireload          tcbn28hpmbwp35ss0p81v125c
  ProcessingElement_989
                     ZeroWireload          tcbn28hpmbwp35ss0p81v125c
  ProcessingElement_988
                     ZeroWireload          tcbn28hpmbwp35ss0p81v125c
  ProcessingElement_987
                     ZeroWireload          tcbn28hpmbwp35ss0p81v125c
  ProcessingElement_986
                     ZeroWireload          tcbn28hpmbwp35ss0p81v125c
  ProcessingElement_985
                     ZeroWireload          tcbn28hpmbwp35ss0p81v125c
  ProcessingElement_984
                     ZeroWireload          tcbn28hpmbwp35ss0p81v125c
  ProcessingElement_983
                     ZeroWireload          tcbn28hpmbwp35ss0p81v125c
  ProcessingElement_982
                     ZeroWireload          tcbn28hpmbwp35ss0p81v125c
  ProcessingElement_981
                     ZeroWireload          tcbn28hpmbwp35ss0p81v125c
  ProcessingElement_980
                     ZeroWireload          tcbn28hpmbwp35ss0p81v125c
  ProcessingElement_979
                     ZeroWireload          tcbn28hpmbwp35ss0p81v125c
  ProcessingElement_978
                     ZeroWireload          tcbn28hpmbwp35ss0p81v125c
  ProcessingElement_977
                     ZeroWireload          tcbn28hpmbwp35ss0p81v125c
  ProcessingElement_976
                     ZeroWireload          tcbn28hpmbwp35ss0p81v125c
  ProcessingElement_975
                     ZeroWireload          tcbn28hpmbwp35ss0p81v125c
  ProcessingElement_974
                     ZeroWireload          tcbn28hpmbwp35ss0p81v125c
  ProcessingElement_973
                     ZeroWireload          tcbn28hpmbwp35ss0p81v125c
  ProcessingElement_972
                     ZeroWireload          tcbn28hpmbwp35ss0p81v125c
  ProcessingElement_971
                     ZeroWireload          tcbn28hpmbwp35ss0p81v125c
  ProcessingElement_970
                     ZeroWireload          tcbn28hpmbwp35ss0p81v125c
  ProcessingElement_969
                     ZeroWireload          tcbn28hpmbwp35ss0p81v125c
  ProcessingElement_968
                     ZeroWireload          tcbn28hpmbwp35ss0p81v125c
  ProcessingElement_967
                     ZeroWireload          tcbn28hpmbwp35ss0p81v125c
  ProcessingElement_966
                     ZeroWireload          tcbn28hpmbwp35ss0p81v125c
  ProcessingElement_965
                     ZeroWireload          tcbn28hpmbwp35ss0p81v125c
  ProcessingElement_964
                     ZeroWireload          tcbn28hpmbwp35ss0p81v125c
  ProcessingElement_963
                     ZeroWireload          tcbn28hpmbwp35ss0p81v125c
  ProcessingElement_962
                     ZeroWireload          tcbn28hpmbwp35ss0p81v125c
  ProcessingElement_961
                     ZeroWireload          tcbn28hpmbwp35ss0p81v125c
  ProcessingElement_960
                     ZeroWireload          tcbn28hpmbwp35ss0p81v125c
  ProcessingElement_959
                     ZeroWireload          tcbn28hpmbwp35ss0p81v125c
  ProcessingElement_958
                     ZeroWireload          tcbn28hpmbwp35ss0p81v125c
  ProcessingElement_957
                     ZeroWireload          tcbn28hpmbwp35ss0p81v125c
  ProcessingElement_956
                     ZeroWireload          tcbn28hpmbwp35ss0p81v125c
  ProcessingElement_955
                     ZeroWireload          tcbn28hpmbwp35ss0p81v125c
  ProcessingElement_954
                     ZeroWireload          tcbn28hpmbwp35ss0p81v125c
  ProcessingElement_953
                     ZeroWireload          tcbn28hpmbwp35ss0p81v125c
  ProcessingElement_952
                     ZeroWireload          tcbn28hpmbwp35ss0p81v125c
  ProcessingElement_951
                     ZeroWireload          tcbn28hpmbwp35ss0p81v125c
  ProcessingElement_950
                     ZeroWireload          tcbn28hpmbwp35ss0p81v125c
  ProcessingElement_949
                     ZeroWireload          tcbn28hpmbwp35ss0p81v125c
  ProcessingElement_948
                     ZeroWireload          tcbn28hpmbwp35ss0p81v125c
  ProcessingElement_947
                     ZeroWireload          tcbn28hpmbwp35ss0p81v125c
  ProcessingElement_946
                     ZeroWireload          tcbn28hpmbwp35ss0p81v125c
  ProcessingElement_945
                     ZeroWireload          tcbn28hpmbwp35ss0p81v125c
  ProcessingElement_944
                     ZeroWireload          tcbn28hpmbwp35ss0p81v125c
  ProcessingElement_943
                     ZeroWireload          tcbn28hpmbwp35ss0p81v125c
  ProcessingElement_942
                     ZeroWireload          tcbn28hpmbwp35ss0p81v125c
  ProcessingElement_941
                     ZeroWireload          tcbn28hpmbwp35ss0p81v125c
  ProcessingElement_940
                     ZeroWireload          tcbn28hpmbwp35ss0p81v125c
  ProcessingElement_939
                     ZeroWireload          tcbn28hpmbwp35ss0p81v125c
  ProcessingElement_938
                     ZeroWireload          tcbn28hpmbwp35ss0p81v125c
  ProcessingElement_937
                     ZeroWireload          tcbn28hpmbwp35ss0p81v125c
  ProcessingElement_936
                     ZeroWireload          tcbn28hpmbwp35ss0p81v125c
  ProcessingElement_935
                     ZeroWireload          tcbn28hpmbwp35ss0p81v125c
  ProcessingElement_934
                     ZeroWireload          tcbn28hpmbwp35ss0p81v125c
  ProcessingElement_933
                     ZeroWireload          tcbn28hpmbwp35ss0p81v125c
  ProcessingElement_932
                     ZeroWireload          tcbn28hpmbwp35ss0p81v125c
  ProcessingElement_931
                     ZeroWireload          tcbn28hpmbwp35ss0p81v125c
  ProcessingElement_930
                     ZeroWireload          tcbn28hpmbwp35ss0p81v125c
  ProcessingElement_929
                     ZeroWireload          tcbn28hpmbwp35ss0p81v125c
  ProcessingElement_928
                     ZeroWireload          tcbn28hpmbwp35ss0p81v125c
  ProcessingElement_927
                     ZeroWireload          tcbn28hpmbwp35ss0p81v125c
  ProcessingElement_926
                     ZeroWireload          tcbn28hpmbwp35ss0p81v125c
  ProcessingElement_925
                     ZeroWireload          tcbn28hpmbwp35ss0p81v125c
  ProcessingElement_924
                     ZeroWireload          tcbn28hpmbwp35ss0p81v125c
  ProcessingElement_923
                     ZeroWireload          tcbn28hpmbwp35ss0p81v125c
  ProcessingElement_922
                     ZeroWireload          tcbn28hpmbwp35ss0p81v125c
  ProcessingElement_921
                     ZeroWireload          tcbn28hpmbwp35ss0p81v125c
  ProcessingElement_920
                     ZeroWireload          tcbn28hpmbwp35ss0p81v125c
  ProcessingElement_919
                     ZeroWireload          tcbn28hpmbwp35ss0p81v125c
  ProcessingElement_918
                     ZeroWireload          tcbn28hpmbwp35ss0p81v125c
  ProcessingElement_917
                     ZeroWireload          tcbn28hpmbwp35ss0p81v125c
  ProcessingElement_916
                     ZeroWireload          tcbn28hpmbwp35ss0p81v125c
  ProcessingElement_915
                     ZeroWireload          tcbn28hpmbwp35ss0p81v125c
  ProcessingElement_914
                     ZeroWireload          tcbn28hpmbwp35ss0p81v125c
  ProcessingElement_913
                     ZeroWireload          tcbn28hpmbwp35ss0p81v125c
  ProcessingElement_912
                     ZeroWireload          tcbn28hpmbwp35ss0p81v125c
  ProcessingElement_911
                     ZeroWireload          tcbn28hpmbwp35ss0p81v125c
  ProcessingElement_910
                     ZeroWireload          tcbn28hpmbwp35ss0p81v125c
  ProcessingElement_909
                     ZeroWireload          tcbn28hpmbwp35ss0p81v125c
  ProcessingElement_908
                     ZeroWireload          tcbn28hpmbwp35ss0p81v125c
  ProcessingElement_907
                     ZeroWireload          tcbn28hpmbwp35ss0p81v125c
  ProcessingElement_906
                     ZeroWireload          tcbn28hpmbwp35ss0p81v125c
  ProcessingElement_905
                     ZeroWireload          tcbn28hpmbwp35ss0p81v125c
  ProcessingElement_904
                     ZeroWireload          tcbn28hpmbwp35ss0p81v125c
  ProcessingElement_903
                     ZeroWireload          tcbn28hpmbwp35ss0p81v125c
  ProcessingElement_902
                     ZeroWireload          tcbn28hpmbwp35ss0p81v125c
  ProcessingElement_901
                     ZeroWireload          tcbn28hpmbwp35ss0p81v125c
  ProcessingElement_900
                     ZeroWireload          tcbn28hpmbwp35ss0p81v125c
  ProcessingElement_899
                     ZeroWireload          tcbn28hpmbwp35ss0p81v125c
  ProcessingElement_898
                     ZeroWireload          tcbn28hpmbwp35ss0p81v125c
  ProcessingElement_897
                     ZeroWireload          tcbn28hpmbwp35ss0p81v125c
  ProcessingElement_896
                     ZeroWireload          tcbn28hpmbwp35ss0p81v125c
  ProcessingElement_895
                     ZeroWireload          tcbn28hpmbwp35ss0p81v125c
  ProcessingElement_894
                     ZeroWireload          tcbn28hpmbwp35ss0p81v125c
  ProcessingElement_893
                     ZeroWireload          tcbn28hpmbwp35ss0p81v125c
  ProcessingElement_892
                     ZeroWireload          tcbn28hpmbwp35ss0p81v125c
  ProcessingElement_891
                     ZeroWireload          tcbn28hpmbwp35ss0p81v125c
  ProcessingElement_890
                     ZeroWireload          tcbn28hpmbwp35ss0p81v125c
  ProcessingElement_889
                     ZeroWireload          tcbn28hpmbwp35ss0p81v125c
  ProcessingElement_888
                     ZeroWireload          tcbn28hpmbwp35ss0p81v125c
  ProcessingElement_887
                     ZeroWireload          tcbn28hpmbwp35ss0p81v125c
  ProcessingElement_886
                     ZeroWireload          tcbn28hpmbwp35ss0p81v125c
  ProcessingElement_885
                     ZeroWireload          tcbn28hpmbwp35ss0p81v125c
  ProcessingElement_884
                     ZeroWireload          tcbn28hpmbwp35ss0p81v125c
  ProcessingElement_883
                     ZeroWireload          tcbn28hpmbwp35ss0p81v125c
  ProcessingElement_882
                     ZeroWireload          tcbn28hpmbwp35ss0p81v125c
  ProcessingElement_881
                     ZeroWireload          tcbn28hpmbwp35ss0p81v125c
  ProcessingElement_880
                     ZeroWireload          tcbn28hpmbwp35ss0p81v125c
  ProcessingElement_879
                     ZeroWireload          tcbn28hpmbwp35ss0p81v125c
  ProcessingElement_878
                     ZeroWireload          tcbn28hpmbwp35ss0p81v125c
  ProcessingElement_877
                     ZeroWireload          tcbn28hpmbwp35ss0p81v125c
  ProcessingElement_876
                     ZeroWireload          tcbn28hpmbwp35ss0p81v125c
  ProcessingElement_875
                     ZeroWireload          tcbn28hpmbwp35ss0p81v125c
  ProcessingElement_874
                     ZeroWireload          tcbn28hpmbwp35ss0p81v125c
  ProcessingElement_873
                     ZeroWireload          tcbn28hpmbwp35ss0p81v125c
  ProcessingElement_872
                     ZeroWireload          tcbn28hpmbwp35ss0p81v125c
  ProcessingElement_871
                     ZeroWireload          tcbn28hpmbwp35ss0p81v125c
  ProcessingElement_870
                     ZeroWireload          tcbn28hpmbwp35ss0p81v125c
  ProcessingElement_869
                     ZeroWireload          tcbn28hpmbwp35ss0p81v125c
  ProcessingElement_868
                     ZeroWireload          tcbn28hpmbwp35ss0p81v125c
  ProcessingElement_867
                     ZeroWireload          tcbn28hpmbwp35ss0p81v125c
  ProcessingElement_866
                     ZeroWireload          tcbn28hpmbwp35ss0p81v125c
  ProcessingElement_865
                     ZeroWireload          tcbn28hpmbwp35ss0p81v125c
  ProcessingElement_864
                     ZeroWireload          tcbn28hpmbwp35ss0p81v125c
  ProcessingElement_863
                     ZeroWireload          tcbn28hpmbwp35ss0p81v125c
  ProcessingElement_862
                     ZeroWireload          tcbn28hpmbwp35ss0p81v125c
  ProcessingElement_861
                     ZeroWireload          tcbn28hpmbwp35ss0p81v125c
  ProcessingElement_860
                     ZeroWireload          tcbn28hpmbwp35ss0p81v125c
  ProcessingElement_859
                     ZeroWireload          tcbn28hpmbwp35ss0p81v125c
  ProcessingElement_858
                     ZeroWireload          tcbn28hpmbwp35ss0p81v125c
  ProcessingElement_857
                     ZeroWireload          tcbn28hpmbwp35ss0p81v125c
  ProcessingElement_856
                     ZeroWireload          tcbn28hpmbwp35ss0p81v125c
  ProcessingElement_855
                     ZeroWireload          tcbn28hpmbwp35ss0p81v125c
  ProcessingElement_854
                     ZeroWireload          tcbn28hpmbwp35ss0p81v125c
  ProcessingElement_853
                     ZeroWireload          tcbn28hpmbwp35ss0p81v125c
  ProcessingElement_852
                     ZeroWireload          tcbn28hpmbwp35ss0p81v125c
  ProcessingElement_851
                     ZeroWireload          tcbn28hpmbwp35ss0p81v125c
  ProcessingElement_850
                     ZeroWireload          tcbn28hpmbwp35ss0p81v125c
  ProcessingElement_849
                     ZeroWireload          tcbn28hpmbwp35ss0p81v125c
  ProcessingElement_848
                     ZeroWireload          tcbn28hpmbwp35ss0p81v125c
  ProcessingElement_847
                     ZeroWireload          tcbn28hpmbwp35ss0p81v125c
  ProcessingElement_846
                     ZeroWireload          tcbn28hpmbwp35ss0p81v125c
  ProcessingElement_845
                     ZeroWireload          tcbn28hpmbwp35ss0p81v125c
  ProcessingElement_844
                     ZeroWireload          tcbn28hpmbwp35ss0p81v125c
  ProcessingElement_843
                     ZeroWireload          tcbn28hpmbwp35ss0p81v125c
  ProcessingElement_842
                     ZeroWireload          tcbn28hpmbwp35ss0p81v125c
  ProcessingElement_841
                     ZeroWireload          tcbn28hpmbwp35ss0p81v125c
  ProcessingElement_840
                     ZeroWireload          tcbn28hpmbwp35ss0p81v125c
  ProcessingElement_839
                     ZeroWireload          tcbn28hpmbwp35ss0p81v125c
  ProcessingElement_838
                     ZeroWireload          tcbn28hpmbwp35ss0p81v125c
  ProcessingElement_837
                     ZeroWireload          tcbn28hpmbwp35ss0p81v125c
  ProcessingElement_836
                     ZeroWireload          tcbn28hpmbwp35ss0p81v125c
  ProcessingElement_835
                     ZeroWireload          tcbn28hpmbwp35ss0p81v125c
  ProcessingElement_834
                     ZeroWireload          tcbn28hpmbwp35ss0p81v125c
  ProcessingElement_833
                     ZeroWireload          tcbn28hpmbwp35ss0p81v125c
  ProcessingElement_832
                     ZeroWireload          tcbn28hpmbwp35ss0p81v125c
  ProcessingElement_831
                     ZeroWireload          tcbn28hpmbwp35ss0p81v125c
  ProcessingElement_830
                     ZeroWireload          tcbn28hpmbwp35ss0p81v125c
  ProcessingElement_829
                     ZeroWireload          tcbn28hpmbwp35ss0p81v125c
  ProcessingElement_828
                     ZeroWireload          tcbn28hpmbwp35ss0p81v125c
  ProcessingElement_827
                     ZeroWireload          tcbn28hpmbwp35ss0p81v125c
  ProcessingElement_826
                     ZeroWireload          tcbn28hpmbwp35ss0p81v125c
  ProcessingElement_825
                     ZeroWireload          tcbn28hpmbwp35ss0p81v125c
  ProcessingElement_824
                     ZeroWireload          tcbn28hpmbwp35ss0p81v125c
  ProcessingElement_823
                     ZeroWireload          tcbn28hpmbwp35ss0p81v125c
  ProcessingElement_822
                     ZeroWireload          tcbn28hpmbwp35ss0p81v125c
  ProcessingElement_821
                     ZeroWireload          tcbn28hpmbwp35ss0p81v125c
  ProcessingElement_820
                     ZeroWireload          tcbn28hpmbwp35ss0p81v125c
  ProcessingElement_819
                     ZeroWireload          tcbn28hpmbwp35ss0p81v125c
  ProcessingElement_818
                     ZeroWireload          tcbn28hpmbwp35ss0p81v125c
  ProcessingElement_817
                     ZeroWireload          tcbn28hpmbwp35ss0p81v125c
  ProcessingElement_816
                     ZeroWireload          tcbn28hpmbwp35ss0p81v125c
  ProcessingElement_815
                     ZeroWireload          tcbn28hpmbwp35ss0p81v125c
  ProcessingElement_814
                     ZeroWireload          tcbn28hpmbwp35ss0p81v125c
  ProcessingElement_813
                     ZeroWireload          tcbn28hpmbwp35ss0p81v125c
  ProcessingElement_812
                     ZeroWireload          tcbn28hpmbwp35ss0p81v125c
  ProcessingElement_811
                     ZeroWireload          tcbn28hpmbwp35ss0p81v125c
  ProcessingElement_810
                     ZeroWireload          tcbn28hpmbwp35ss0p81v125c
  ProcessingElement_809
                     ZeroWireload          tcbn28hpmbwp35ss0p81v125c
  ProcessingElement_808
                     ZeroWireload          tcbn28hpmbwp35ss0p81v125c
  ProcessingElement_807
                     ZeroWireload          tcbn28hpmbwp35ss0p81v125c
  ProcessingElement_806
                     ZeroWireload          tcbn28hpmbwp35ss0p81v125c
  ProcessingElement_805
                     ZeroWireload          tcbn28hpmbwp35ss0p81v125c
  ProcessingElement_804
                     ZeroWireload          tcbn28hpmbwp35ss0p81v125c
  ProcessingElement_803
                     ZeroWireload          tcbn28hpmbwp35ss0p81v125c
  ProcessingElement_802
                     ZeroWireload          tcbn28hpmbwp35ss0p81v125c
  ProcessingElement_801
                     ZeroWireload          tcbn28hpmbwp35ss0p81v125c
  ProcessingElement_800
                     ZeroWireload          tcbn28hpmbwp35ss0p81v125c
  ProcessingElement_799
                     ZeroWireload          tcbn28hpmbwp35ss0p81v125c
  ProcessingElement_798
                     ZeroWireload          tcbn28hpmbwp35ss0p81v125c
  ProcessingElement_797
                     ZeroWireload          tcbn28hpmbwp35ss0p81v125c
  ProcessingElement_796
                     ZeroWireload          tcbn28hpmbwp35ss0p81v125c
  ProcessingElement_795
                     ZeroWireload          tcbn28hpmbwp35ss0p81v125c
  ProcessingElement_794
                     ZeroWireload          tcbn28hpmbwp35ss0p81v125c
  ProcessingElement_793
                     ZeroWireload          tcbn28hpmbwp35ss0p81v125c
  ProcessingElement_792
                     ZeroWireload          tcbn28hpmbwp35ss0p81v125c
  ProcessingElement_791
                     ZeroWireload          tcbn28hpmbwp35ss0p81v125c
  ProcessingElement_790
                     ZeroWireload          tcbn28hpmbwp35ss0p81v125c
  ProcessingElement_789
                     ZeroWireload          tcbn28hpmbwp35ss0p81v125c
  ProcessingElement_788
                     ZeroWireload          tcbn28hpmbwp35ss0p81v125c
  ProcessingElement_787
                     ZeroWireload          tcbn28hpmbwp35ss0p81v125c
  ProcessingElement_786
                     ZeroWireload          tcbn28hpmbwp35ss0p81v125c
  ProcessingElement_785
                     ZeroWireload          tcbn28hpmbwp35ss0p81v125c
  ProcessingElement_784
                     ZeroWireload          tcbn28hpmbwp35ss0p81v125c
  ProcessingElement_783
                     ZeroWireload          tcbn28hpmbwp35ss0p81v125c
  ProcessingElement_782
                     ZeroWireload          tcbn28hpmbwp35ss0p81v125c
  ProcessingElement_781
                     ZeroWireload          tcbn28hpmbwp35ss0p81v125c
  ProcessingElement_780
                     ZeroWireload          tcbn28hpmbwp35ss0p81v125c
  ProcessingElement_779
                     ZeroWireload          tcbn28hpmbwp35ss0p81v125c
  ProcessingElement_778
                     ZeroWireload          tcbn28hpmbwp35ss0p81v125c
  ProcessingElement_777
                     ZeroWireload          tcbn28hpmbwp35ss0p81v125c
  ProcessingElement_776
                     ZeroWireload          tcbn28hpmbwp35ss0p81v125c
  ProcessingElement_775
                     ZeroWireload          tcbn28hpmbwp35ss0p81v125c
  ProcessingElement_774
                     ZeroWireload          tcbn28hpmbwp35ss0p81v125c
  ProcessingElement_773
                     ZeroWireload          tcbn28hpmbwp35ss0p81v125c
  ProcessingElement_772
                     ZeroWireload          tcbn28hpmbwp35ss0p81v125c
  ProcessingElement_771
                     ZeroWireload          tcbn28hpmbwp35ss0p81v125c
  ProcessingElement_770
                     ZeroWireload          tcbn28hpmbwp35ss0p81v125c
  ProcessingElement_769
                     ZeroWireload          tcbn28hpmbwp35ss0p81v125c
  ProcessingElement_768
                     ZeroWireload          tcbn28hpmbwp35ss0p81v125c
  ProcessingElement_767
                     ZeroWireload          tcbn28hpmbwp35ss0p81v125c
  ProcessingElement_766
                     ZeroWireload          tcbn28hpmbwp35ss0p81v125c
  ProcessingElement_765
                     ZeroWireload          tcbn28hpmbwp35ss0p81v125c
  ProcessingElement_764
                     ZeroWireload          tcbn28hpmbwp35ss0p81v125c
  ProcessingElement_763
                     ZeroWireload          tcbn28hpmbwp35ss0p81v125c
  ProcessingElement_762
                     ZeroWireload          tcbn28hpmbwp35ss0p81v125c
  ProcessingElement_761
                     ZeroWireload          tcbn28hpmbwp35ss0p81v125c
  ProcessingElement_760
                     ZeroWireload          tcbn28hpmbwp35ss0p81v125c
  ProcessingElement_759
                     ZeroWireload          tcbn28hpmbwp35ss0p81v125c
  ProcessingElement_758
                     ZeroWireload          tcbn28hpmbwp35ss0p81v125c
  ProcessingElement_757
                     ZeroWireload          tcbn28hpmbwp35ss0p81v125c
  ProcessingElement_756
                     ZeroWireload          tcbn28hpmbwp35ss0p81v125c
  ProcessingElement_755
                     ZeroWireload          tcbn28hpmbwp35ss0p81v125c
  ProcessingElement_754
                     ZeroWireload          tcbn28hpmbwp35ss0p81v125c
  ProcessingElement_753
                     ZeroWireload          tcbn28hpmbwp35ss0p81v125c
  ProcessingElement_752
                     ZeroWireload          tcbn28hpmbwp35ss0p81v125c
  ProcessingElement_751
                     ZeroWireload          tcbn28hpmbwp35ss0p81v125c
  ProcessingElement_750
                     ZeroWireload          tcbn28hpmbwp35ss0p81v125c
  ProcessingElement_749
                     ZeroWireload          tcbn28hpmbwp35ss0p81v125c
  ProcessingElement_748
                     ZeroWireload          tcbn28hpmbwp35ss0p81v125c
  ProcessingElement_747
                     ZeroWireload          tcbn28hpmbwp35ss0p81v125c
  ProcessingElement_746
                     ZeroWireload          tcbn28hpmbwp35ss0p81v125c
  ProcessingElement_745
                     ZeroWireload          tcbn28hpmbwp35ss0p81v125c
  ProcessingElement_744
                     ZeroWireload          tcbn28hpmbwp35ss0p81v125c
  ProcessingElement_743
                     ZeroWireload          tcbn28hpmbwp35ss0p81v125c
  ProcessingElement_742
                     ZeroWireload          tcbn28hpmbwp35ss0p81v125c
  ProcessingElement_741
                     ZeroWireload          tcbn28hpmbwp35ss0p81v125c
  ProcessingElement_740
                     ZeroWireload          tcbn28hpmbwp35ss0p81v125c
  ProcessingElement_739
                     ZeroWireload          tcbn28hpmbwp35ss0p81v125c
  ProcessingElement_738
                     ZeroWireload          tcbn28hpmbwp35ss0p81v125c
  ProcessingElement_737
                     ZeroWireload          tcbn28hpmbwp35ss0p81v125c
  ProcessingElement_736
                     ZeroWireload          tcbn28hpmbwp35ss0p81v125c
  ProcessingElement_735
                     ZeroWireload          tcbn28hpmbwp35ss0p81v125c
  ProcessingElement_734
                     ZeroWireload          tcbn28hpmbwp35ss0p81v125c
  ProcessingElement_733
                     ZeroWireload          tcbn28hpmbwp35ss0p81v125c
  ProcessingElement_732
                     ZeroWireload          tcbn28hpmbwp35ss0p81v125c
  ProcessingElement_731
                     ZeroWireload          tcbn28hpmbwp35ss0p81v125c
  ProcessingElement_730
                     ZeroWireload          tcbn28hpmbwp35ss0p81v125c
  ProcessingElement_729
                     ZeroWireload          tcbn28hpmbwp35ss0p81v125c
  ProcessingElement_728
                     ZeroWireload          tcbn28hpmbwp35ss0p81v125c
  ProcessingElement_727
                     ZeroWireload          tcbn28hpmbwp35ss0p81v125c
  ProcessingElement_726
                     ZeroWireload          tcbn28hpmbwp35ss0p81v125c
  ProcessingElement_725
                     ZeroWireload          tcbn28hpmbwp35ss0p81v125c
  ProcessingElement_724
                     ZeroWireload          tcbn28hpmbwp35ss0p81v125c
  ProcessingElement_723
                     ZeroWireload          tcbn28hpmbwp35ss0p81v125c
  ProcessingElement_722
                     ZeroWireload          tcbn28hpmbwp35ss0p81v125c
  ProcessingElement_721
                     ZeroWireload          tcbn28hpmbwp35ss0p81v125c
  ProcessingElement_720
                     ZeroWireload          tcbn28hpmbwp35ss0p81v125c
  ProcessingElement_719
                     ZeroWireload          tcbn28hpmbwp35ss0p81v125c
  ProcessingElement_718
                     ZeroWireload          tcbn28hpmbwp35ss0p81v125c
  ProcessingElement_717
                     ZeroWireload          tcbn28hpmbwp35ss0p81v125c
  ProcessingElement_716
                     ZeroWireload          tcbn28hpmbwp35ss0p81v125c
  ProcessingElement_715
                     ZeroWireload          tcbn28hpmbwp35ss0p81v125c
  ProcessingElement_714
                     ZeroWireload          tcbn28hpmbwp35ss0p81v125c
  ProcessingElement_713
                     ZeroWireload          tcbn28hpmbwp35ss0p81v125c
  ProcessingElement_712
                     ZeroWireload          tcbn28hpmbwp35ss0p81v125c
  ProcessingElement_711
                     ZeroWireload          tcbn28hpmbwp35ss0p81v125c
  ProcessingElement_710
                     ZeroWireload          tcbn28hpmbwp35ss0p81v125c
  ProcessingElement_709
                     ZeroWireload          tcbn28hpmbwp35ss0p81v125c
  ProcessingElement_708
                     ZeroWireload          tcbn28hpmbwp35ss0p81v125c
  ProcessingElement_707
                     ZeroWireload          tcbn28hpmbwp35ss0p81v125c
  ProcessingElement_706
                     ZeroWireload          tcbn28hpmbwp35ss0p81v125c
  ProcessingElement_705
                     ZeroWireload          tcbn28hpmbwp35ss0p81v125c
  ProcessingElement_704
                     ZeroWireload          tcbn28hpmbwp35ss0p81v125c
  ProcessingElement_703
                     ZeroWireload          tcbn28hpmbwp35ss0p81v125c
  ProcessingElement_702
                     ZeroWireload          tcbn28hpmbwp35ss0p81v125c
  ProcessingElement_701
                     ZeroWireload          tcbn28hpmbwp35ss0p81v125c
  ProcessingElement_700
                     ZeroWireload          tcbn28hpmbwp35ss0p81v125c
  ProcessingElement_699
                     ZeroWireload          tcbn28hpmbwp35ss0p81v125c
  ProcessingElement_698
                     ZeroWireload          tcbn28hpmbwp35ss0p81v125c
  ProcessingElement_697
                     ZeroWireload          tcbn28hpmbwp35ss0p81v125c
  ProcessingElement_696
                     ZeroWireload          tcbn28hpmbwp35ss0p81v125c
  ProcessingElement_695
                     ZeroWireload          tcbn28hpmbwp35ss0p81v125c
  ProcessingElement_694
                     ZeroWireload          tcbn28hpmbwp35ss0p81v125c
  ProcessingElement_693
                     ZeroWireload          tcbn28hpmbwp35ss0p81v125c
  ProcessingElement_692
                     ZeroWireload          tcbn28hpmbwp35ss0p81v125c
  ProcessingElement_691
                     ZeroWireload          tcbn28hpmbwp35ss0p81v125c
  ProcessingElement_690
                     ZeroWireload          tcbn28hpmbwp35ss0p81v125c
  ProcessingElement_689
                     ZeroWireload          tcbn28hpmbwp35ss0p81v125c
  ProcessingElement_688
                     ZeroWireload          tcbn28hpmbwp35ss0p81v125c
  ProcessingElement_687
                     ZeroWireload          tcbn28hpmbwp35ss0p81v125c
  ProcessingElement_686
                     ZeroWireload          tcbn28hpmbwp35ss0p81v125c
  ProcessingElement_685
                     ZeroWireload          tcbn28hpmbwp35ss0p81v125c
  ProcessingElement_684
                     ZeroWireload          tcbn28hpmbwp35ss0p81v125c
  ProcessingElement_683
                     ZeroWireload          tcbn28hpmbwp35ss0p81v125c
  ProcessingElement_682
                     ZeroWireload          tcbn28hpmbwp35ss0p81v125c
  ProcessingElement_681
                     ZeroWireload          tcbn28hpmbwp35ss0p81v125c
  ProcessingElement_680
                     ZeroWireload          tcbn28hpmbwp35ss0p81v125c
  ProcessingElement_679
                     ZeroWireload          tcbn28hpmbwp35ss0p81v125c
  ProcessingElement_678
                     ZeroWireload          tcbn28hpmbwp35ss0p81v125c
  ProcessingElement_677
                     ZeroWireload          tcbn28hpmbwp35ss0p81v125c
  ProcessingElement_676
                     ZeroWireload          tcbn28hpmbwp35ss0p81v125c
  ProcessingElement_675
                     ZeroWireload          tcbn28hpmbwp35ss0p81v125c
  ProcessingElement_674
                     ZeroWireload          tcbn28hpmbwp35ss0p81v125c
  ProcessingElement_673
                     ZeroWireload          tcbn28hpmbwp35ss0p81v125c
  ProcessingElement_672
                     ZeroWireload          tcbn28hpmbwp35ss0p81v125c
  ProcessingElement_671
                     ZeroWireload          tcbn28hpmbwp35ss0p81v125c
  ProcessingElement_670
                     ZeroWireload          tcbn28hpmbwp35ss0p81v125c
  ProcessingElement_669
                     ZeroWireload          tcbn28hpmbwp35ss0p81v125c
  ProcessingElement_668
                     ZeroWireload          tcbn28hpmbwp35ss0p81v125c
  ProcessingElement_667
                     ZeroWireload          tcbn28hpmbwp35ss0p81v125c
  ProcessingElement_666
                     ZeroWireload          tcbn28hpmbwp35ss0p81v125c
  ProcessingElement_665
                     ZeroWireload          tcbn28hpmbwp35ss0p81v125c
  ProcessingElement_664
                     ZeroWireload          tcbn28hpmbwp35ss0p81v125c
  ProcessingElement_663
                     ZeroWireload          tcbn28hpmbwp35ss0p81v125c
  ProcessingElement_662
                     ZeroWireload          tcbn28hpmbwp35ss0p81v125c
  ProcessingElement_661
                     ZeroWireload          tcbn28hpmbwp35ss0p81v125c
  ProcessingElement_660
                     ZeroWireload          tcbn28hpmbwp35ss0p81v125c
  ProcessingElement_659
                     ZeroWireload          tcbn28hpmbwp35ss0p81v125c
  ProcessingElement_658
                     ZeroWireload          tcbn28hpmbwp35ss0p81v125c
  ProcessingElement_657
                     ZeroWireload          tcbn28hpmbwp35ss0p81v125c
  ProcessingElement_656
                     ZeroWireload          tcbn28hpmbwp35ss0p81v125c
  ProcessingElement_655
                     ZeroWireload          tcbn28hpmbwp35ss0p81v125c
  ProcessingElement_654
                     ZeroWireload          tcbn28hpmbwp35ss0p81v125c
  ProcessingElement_653
                     ZeroWireload          tcbn28hpmbwp35ss0p81v125c
  ProcessingElement_652
                     ZeroWireload          tcbn28hpmbwp35ss0p81v125c
  ProcessingElement_651
                     ZeroWireload          tcbn28hpmbwp35ss0p81v125c
  ProcessingElement_650
                     ZeroWireload          tcbn28hpmbwp35ss0p81v125c
  ProcessingElement_649
                     ZeroWireload          tcbn28hpmbwp35ss0p81v125c
  ProcessingElement_648
                     ZeroWireload          tcbn28hpmbwp35ss0p81v125c
  ProcessingElement_647
                     ZeroWireload          tcbn28hpmbwp35ss0p81v125c
  ProcessingElement_646
                     ZeroWireload          tcbn28hpmbwp35ss0p81v125c
  ProcessingElement_645
                     ZeroWireload          tcbn28hpmbwp35ss0p81v125c
  ProcessingElement_644
                     ZeroWireload          tcbn28hpmbwp35ss0p81v125c
  ProcessingElement_643
                     ZeroWireload          tcbn28hpmbwp35ss0p81v125c
  ProcessingElement_642
                     ZeroWireload          tcbn28hpmbwp35ss0p81v125c
  ProcessingElement_641
                     ZeroWireload          tcbn28hpmbwp35ss0p81v125c
  ProcessingElement_640
                     ZeroWireload          tcbn28hpmbwp35ss0p81v125c
  ProcessingElement_639
                     ZeroWireload          tcbn28hpmbwp35ss0p81v125c
  ProcessingElement_638
                     ZeroWireload          tcbn28hpmbwp35ss0p81v125c
  ProcessingElement_637
                     ZeroWireload          tcbn28hpmbwp35ss0p81v125c
  ProcessingElement_636
                     ZeroWireload          tcbn28hpmbwp35ss0p81v125c
  ProcessingElement_635
                     ZeroWireload          tcbn28hpmbwp35ss0p81v125c
  ProcessingElement_634
                     ZeroWireload          tcbn28hpmbwp35ss0p81v125c
  ProcessingElement_633
                     ZeroWireload          tcbn28hpmbwp35ss0p81v125c
  ProcessingElement_632
                     ZeroWireload          tcbn28hpmbwp35ss0p81v125c
  ProcessingElement_631
                     ZeroWireload          tcbn28hpmbwp35ss0p81v125c
  ProcessingElement_630
                     ZeroWireload          tcbn28hpmbwp35ss0p81v125c
  ProcessingElement_629
                     ZeroWireload          tcbn28hpmbwp35ss0p81v125c
  ProcessingElement_628
                     ZeroWireload          tcbn28hpmbwp35ss0p81v125c
  ProcessingElement_627
                     ZeroWireload          tcbn28hpmbwp35ss0p81v125c
  ProcessingElement_626
                     ZeroWireload          tcbn28hpmbwp35ss0p81v125c
  ProcessingElement_625
                     ZeroWireload          tcbn28hpmbwp35ss0p81v125c
  ProcessingElement_624
                     ZeroWireload          tcbn28hpmbwp35ss0p81v125c
  ProcessingElement_623
                     ZeroWireload          tcbn28hpmbwp35ss0p81v125c
  ProcessingElement_622
                     ZeroWireload          tcbn28hpmbwp35ss0p81v125c
  ProcessingElement_621
                     ZeroWireload          tcbn28hpmbwp35ss0p81v125c
  ProcessingElement_620
                     ZeroWireload          tcbn28hpmbwp35ss0p81v125c
  ProcessingElement_619
                     ZeroWireload          tcbn28hpmbwp35ss0p81v125c
  ProcessingElement_618
                     ZeroWireload          tcbn28hpmbwp35ss0p81v125c
  ProcessingElement_617
                     ZeroWireload          tcbn28hpmbwp35ss0p81v125c
  ProcessingElement_616
                     ZeroWireload          tcbn28hpmbwp35ss0p81v125c
  ProcessingElement_615
                     ZeroWireload          tcbn28hpmbwp35ss0p81v125c
  ProcessingElement_614
                     ZeroWireload          tcbn28hpmbwp35ss0p81v125c
  ProcessingElement_613
                     ZeroWireload          tcbn28hpmbwp35ss0p81v125c
  ProcessingElement_612
                     ZeroWireload          tcbn28hpmbwp35ss0p81v125c
  ProcessingElement_611
                     ZeroWireload          tcbn28hpmbwp35ss0p81v125c
  ProcessingElement_610
                     ZeroWireload          tcbn28hpmbwp35ss0p81v125c
  ProcessingElement_609
                     ZeroWireload          tcbn28hpmbwp35ss0p81v125c
  ProcessingElement_608
                     ZeroWireload          tcbn28hpmbwp35ss0p81v125c
  ProcessingElement_607
                     ZeroWireload          tcbn28hpmbwp35ss0p81v125c
  ProcessingElement_606
                     ZeroWireload          tcbn28hpmbwp35ss0p81v125c
  ProcessingElement_605
                     ZeroWireload          tcbn28hpmbwp35ss0p81v125c
  ProcessingElement_604
                     ZeroWireload          tcbn28hpmbwp35ss0p81v125c
  ProcessingElement_603
                     ZeroWireload          tcbn28hpmbwp35ss0p81v125c
  ProcessingElement_602
                     ZeroWireload          tcbn28hpmbwp35ss0p81v125c
  ProcessingElement_601
                     ZeroWireload          tcbn28hpmbwp35ss0p81v125c
  ProcessingElement_600
                     ZeroWireload          tcbn28hpmbwp35ss0p81v125c
  ProcessingElement_599
                     ZeroWireload          tcbn28hpmbwp35ss0p81v125c
  ProcessingElement_598
                     ZeroWireload          tcbn28hpmbwp35ss0p81v125c
  ProcessingElement_597
                     ZeroWireload          tcbn28hpmbwp35ss0p81v125c
  ProcessingElement_596
                     ZeroWireload          tcbn28hpmbwp35ss0p81v125c
  ProcessingElement_595
                     ZeroWireload          tcbn28hpmbwp35ss0p81v125c
  ProcessingElement_594
                     ZeroWireload          tcbn28hpmbwp35ss0p81v125c
  ProcessingElement_593
                     ZeroWireload          tcbn28hpmbwp35ss0p81v125c
  ProcessingElement_592
                     ZeroWireload          tcbn28hpmbwp35ss0p81v125c
  ProcessingElement_591
                     ZeroWireload          tcbn28hpmbwp35ss0p81v125c
  ProcessingElement_590
                     ZeroWireload          tcbn28hpmbwp35ss0p81v125c
  ProcessingElement_589
                     ZeroWireload          tcbn28hpmbwp35ss0p81v125c
  ProcessingElement_588
                     ZeroWireload          tcbn28hpmbwp35ss0p81v125c
  ProcessingElement_587
                     ZeroWireload          tcbn28hpmbwp35ss0p81v125c
  ProcessingElement_586
                     ZeroWireload          tcbn28hpmbwp35ss0p81v125c
  ProcessingElement_585
                     ZeroWireload          tcbn28hpmbwp35ss0p81v125c
  ProcessingElement_584
                     ZeroWireload          tcbn28hpmbwp35ss0p81v125c
  ProcessingElement_583
                     ZeroWireload          tcbn28hpmbwp35ss0p81v125c
  ProcessingElement_582
                     ZeroWireload          tcbn28hpmbwp35ss0p81v125c
  ProcessingElement_581
                     ZeroWireload          tcbn28hpmbwp35ss0p81v125c
  ProcessingElement_580
                     ZeroWireload          tcbn28hpmbwp35ss0p81v125c
  ProcessingElement_579
                     ZeroWireload          tcbn28hpmbwp35ss0p81v125c
  ProcessingElement_578
                     ZeroWireload          tcbn28hpmbwp35ss0p81v125c
  ProcessingElement_577
                     ZeroWireload          tcbn28hpmbwp35ss0p81v125c
  ProcessingElement_576
                     ZeroWireload          tcbn28hpmbwp35ss0p81v125c
  ProcessingElement_575
                     ZeroWireload          tcbn28hpmbwp35ss0p81v125c
  ProcessingElement_574
                     ZeroWireload          tcbn28hpmbwp35ss0p81v125c
  ProcessingElement_573
                     ZeroWireload          tcbn28hpmbwp35ss0p81v125c
  ProcessingElement_572
                     ZeroWireload          tcbn28hpmbwp35ss0p81v125c
  ProcessingElement_571
                     ZeroWireload          tcbn28hpmbwp35ss0p81v125c
  ProcessingElement_570
                     ZeroWireload          tcbn28hpmbwp35ss0p81v125c
  ProcessingElement_569
                     ZeroWireload          tcbn28hpmbwp35ss0p81v125c
  ProcessingElement_568
                     ZeroWireload          tcbn28hpmbwp35ss0p81v125c
  ProcessingElement_567
                     ZeroWireload          tcbn28hpmbwp35ss0p81v125c
  ProcessingElement_566
                     ZeroWireload          tcbn28hpmbwp35ss0p81v125c
  ProcessingElement_565
                     ZeroWireload          tcbn28hpmbwp35ss0p81v125c
  ProcessingElement_564
                     ZeroWireload          tcbn28hpmbwp35ss0p81v125c
  ProcessingElement_563
                     ZeroWireload          tcbn28hpmbwp35ss0p81v125c
  ProcessingElement_562
                     ZeroWireload          tcbn28hpmbwp35ss0p81v125c
  ProcessingElement_561
                     ZeroWireload          tcbn28hpmbwp35ss0p81v125c
  ProcessingElement_560
                     ZeroWireload          tcbn28hpmbwp35ss0p81v125c
  ProcessingElement_559
                     ZeroWireload          tcbn28hpmbwp35ss0p81v125c
  ProcessingElement_558
                     ZeroWireload          tcbn28hpmbwp35ss0p81v125c
  ProcessingElement_557
                     ZeroWireload          tcbn28hpmbwp35ss0p81v125c
  ProcessingElement_556
                     ZeroWireload          tcbn28hpmbwp35ss0p81v125c
  ProcessingElement_555
                     ZeroWireload          tcbn28hpmbwp35ss0p81v125c
  ProcessingElement_554
                     ZeroWireload          tcbn28hpmbwp35ss0p81v125c
  ProcessingElement_553
                     ZeroWireload          tcbn28hpmbwp35ss0p81v125c
  ProcessingElement_552
                     ZeroWireload          tcbn28hpmbwp35ss0p81v125c
  ProcessingElement_551
                     ZeroWireload          tcbn28hpmbwp35ss0p81v125c
  ProcessingElement_550
                     ZeroWireload          tcbn28hpmbwp35ss0p81v125c
  ProcessingElement_549
                     ZeroWireload          tcbn28hpmbwp35ss0p81v125c
  ProcessingElement_548
                     ZeroWireload          tcbn28hpmbwp35ss0p81v125c
  ProcessingElement_547
                     ZeroWireload          tcbn28hpmbwp35ss0p81v125c
  ProcessingElement_546
                     ZeroWireload          tcbn28hpmbwp35ss0p81v125c
  ProcessingElement_545
                     ZeroWireload          tcbn28hpmbwp35ss0p81v125c
  ProcessingElement_544
                     ZeroWireload          tcbn28hpmbwp35ss0p81v125c
  ProcessingElement_543
                     ZeroWireload          tcbn28hpmbwp35ss0p81v125c
  ProcessingElement_542
                     ZeroWireload          tcbn28hpmbwp35ss0p81v125c
  ProcessingElement_541
                     ZeroWireload          tcbn28hpmbwp35ss0p81v125c
  ProcessingElement_540
                     ZeroWireload          tcbn28hpmbwp35ss0p81v125c
  ProcessingElement_539
                     ZeroWireload          tcbn28hpmbwp35ss0p81v125c
  ProcessingElement_538
                     ZeroWireload          tcbn28hpmbwp35ss0p81v125c
  ProcessingElement_537
                     ZeroWireload          tcbn28hpmbwp35ss0p81v125c
  ProcessingElement_536
                     ZeroWireload          tcbn28hpmbwp35ss0p81v125c
  ProcessingElement_535
                     ZeroWireload          tcbn28hpmbwp35ss0p81v125c
  ProcessingElement_534
                     ZeroWireload          tcbn28hpmbwp35ss0p81v125c
  ProcessingElement_533
                     ZeroWireload          tcbn28hpmbwp35ss0p81v125c
  ProcessingElement_532
                     ZeroWireload          tcbn28hpmbwp35ss0p81v125c
  ProcessingElement_531
                     ZeroWireload          tcbn28hpmbwp35ss0p81v125c
  ProcessingElement_530
                     ZeroWireload          tcbn28hpmbwp35ss0p81v125c
  ProcessingElement_529
                     ZeroWireload          tcbn28hpmbwp35ss0p81v125c
  ProcessingElement_528
                     ZeroWireload          tcbn28hpmbwp35ss0p81v125c
  ProcessingElement_527
                     ZeroWireload          tcbn28hpmbwp35ss0p81v125c
  ProcessingElement_526
                     ZeroWireload          tcbn28hpmbwp35ss0p81v125c
  ProcessingElement_525
                     ZeroWireload          tcbn28hpmbwp35ss0p81v125c
  ProcessingElement_524
                     ZeroWireload          tcbn28hpmbwp35ss0p81v125c
  ProcessingElement_523
                     ZeroWireload          tcbn28hpmbwp35ss0p81v125c
  ProcessingElement_522
                     ZeroWireload          tcbn28hpmbwp35ss0p81v125c
  ProcessingElement_521
                     ZeroWireload          tcbn28hpmbwp35ss0p81v125c
  ProcessingElement_520
                     ZeroWireload          tcbn28hpmbwp35ss0p81v125c
  ProcessingElement_519
                     ZeroWireload          tcbn28hpmbwp35ss0p81v125c
  ProcessingElement_518
                     ZeroWireload          tcbn28hpmbwp35ss0p81v125c
  ProcessingElement_517
                     ZeroWireload          tcbn28hpmbwp35ss0p81v125c
  ProcessingElement_516
                     ZeroWireload          tcbn28hpmbwp35ss0p81v125c
  ProcessingElement_515
                     ZeroWireload          tcbn28hpmbwp35ss0p81v125c
  ProcessingElement_514
                     ZeroWireload          tcbn28hpmbwp35ss0p81v125c
  ProcessingElement_513
                     ZeroWireload          tcbn28hpmbwp35ss0p81v125c
  ProcessingElement_512
                     ZeroWireload          tcbn28hpmbwp35ss0p81v125c
  ProcessingElement_511
                     ZeroWireload          tcbn28hpmbwp35ss0p81v125c
  ProcessingElement_510
                     ZeroWireload          tcbn28hpmbwp35ss0p81v125c
  ProcessingElement_509
                     ZeroWireload          tcbn28hpmbwp35ss0p81v125c
  ProcessingElement_508
                     ZeroWireload          tcbn28hpmbwp35ss0p81v125c
  ProcessingElement_507
                     ZeroWireload          tcbn28hpmbwp35ss0p81v125c
  ProcessingElement_506
                     ZeroWireload          tcbn28hpmbwp35ss0p81v125c
  ProcessingElement_505
                     ZeroWireload          tcbn28hpmbwp35ss0p81v125c
  ProcessingElement_504
                     ZeroWireload          tcbn28hpmbwp35ss0p81v125c
  ProcessingElement_503
                     ZeroWireload          tcbn28hpmbwp35ss0p81v125c
  ProcessingElement_502
                     ZeroWireload          tcbn28hpmbwp35ss0p81v125c
  ProcessingElement_501
                     ZeroWireload          tcbn28hpmbwp35ss0p81v125c
  ProcessingElement_500
                     ZeroWireload          tcbn28hpmbwp35ss0p81v125c
  ProcessingElement_499
                     ZeroWireload          tcbn28hpmbwp35ss0p81v125c
  ProcessingElement_498
                     ZeroWireload          tcbn28hpmbwp35ss0p81v125c
  ProcessingElement_497
                     ZeroWireload          tcbn28hpmbwp35ss0p81v125c
  ProcessingElement_496
                     ZeroWireload          tcbn28hpmbwp35ss0p81v125c
  ProcessingElement_495
                     ZeroWireload          tcbn28hpmbwp35ss0p81v125c
  ProcessingElement_494
                     ZeroWireload          tcbn28hpmbwp35ss0p81v125c
  ProcessingElement_493
                     ZeroWireload          tcbn28hpmbwp35ss0p81v125c
  ProcessingElement_492
                     ZeroWireload          tcbn28hpmbwp35ss0p81v125c
  ProcessingElement_491
                     ZeroWireload          tcbn28hpmbwp35ss0p81v125c
  ProcessingElement_490
                     ZeroWireload          tcbn28hpmbwp35ss0p81v125c
  ProcessingElement_489
                     ZeroWireload          tcbn28hpmbwp35ss0p81v125c
  ProcessingElement_488
                     ZeroWireload          tcbn28hpmbwp35ss0p81v125c
  ProcessingElement_487
                     ZeroWireload          tcbn28hpmbwp35ss0p81v125c
  ProcessingElement_486
                     ZeroWireload          tcbn28hpmbwp35ss0p81v125c
  ProcessingElement_485
                     ZeroWireload          tcbn28hpmbwp35ss0p81v125c
  ProcessingElement_484
                     ZeroWireload          tcbn28hpmbwp35ss0p81v125c
  ProcessingElement_483
                     ZeroWireload          tcbn28hpmbwp35ss0p81v125c
  ProcessingElement_482
                     ZeroWireload          tcbn28hpmbwp35ss0p81v125c
  ProcessingElement_481
                     ZeroWireload          tcbn28hpmbwp35ss0p81v125c
  ProcessingElement_480
                     ZeroWireload          tcbn28hpmbwp35ss0p81v125c
  ProcessingElement_479
                     ZeroWireload          tcbn28hpmbwp35ss0p81v125c
  ProcessingElement_478
                     ZeroWireload          tcbn28hpmbwp35ss0p81v125c
  ProcessingElement_477
                     ZeroWireload          tcbn28hpmbwp35ss0p81v125c
  ProcessingElement_476
                     ZeroWireload          tcbn28hpmbwp35ss0p81v125c
  ProcessingElement_475
                     ZeroWireload          tcbn28hpmbwp35ss0p81v125c
  ProcessingElement_474
                     ZeroWireload          tcbn28hpmbwp35ss0p81v125c
  ProcessingElement_473
                     ZeroWireload          tcbn28hpmbwp35ss0p81v125c
  ProcessingElement_472
                     ZeroWireload          tcbn28hpmbwp35ss0p81v125c
  ProcessingElement_471
                     ZeroWireload          tcbn28hpmbwp35ss0p81v125c
  ProcessingElement_470
                     ZeroWireload          tcbn28hpmbwp35ss0p81v125c
  ProcessingElement_469
                     ZeroWireload          tcbn28hpmbwp35ss0p81v125c
  ProcessingElement_468
                     ZeroWireload          tcbn28hpmbwp35ss0p81v125c
  ProcessingElement_467
                     ZeroWireload          tcbn28hpmbwp35ss0p81v125c
  ProcessingElement_466
                     ZeroWireload          tcbn28hpmbwp35ss0p81v125c
  ProcessingElement_465
                     ZeroWireload          tcbn28hpmbwp35ss0p81v125c
  ProcessingElement_464
                     ZeroWireload          tcbn28hpmbwp35ss0p81v125c
  ProcessingElement_463
                     ZeroWireload          tcbn28hpmbwp35ss0p81v125c
  ProcessingElement_462
                     ZeroWireload          tcbn28hpmbwp35ss0p81v125c
  ProcessingElement_461
                     ZeroWireload          tcbn28hpmbwp35ss0p81v125c
  ProcessingElement_460
                     ZeroWireload          tcbn28hpmbwp35ss0p81v125c
  ProcessingElement_459
                     ZeroWireload          tcbn28hpmbwp35ss0p81v125c
  ProcessingElement_458
                     ZeroWireload          tcbn28hpmbwp35ss0p81v125c
  ProcessingElement_457
                     ZeroWireload          tcbn28hpmbwp35ss0p81v125c
  ProcessingElement_456
                     ZeroWireload          tcbn28hpmbwp35ss0p81v125c
  ProcessingElement_455
                     ZeroWireload          tcbn28hpmbwp35ss0p81v125c
  ProcessingElement_454
                     ZeroWireload          tcbn28hpmbwp35ss0p81v125c
  ProcessingElement_453
                     ZeroWireload          tcbn28hpmbwp35ss0p81v125c
  ProcessingElement_452
                     ZeroWireload          tcbn28hpmbwp35ss0p81v125c
  ProcessingElement_451
                     ZeroWireload          tcbn28hpmbwp35ss0p81v125c
  ProcessingElement_450
                     ZeroWireload          tcbn28hpmbwp35ss0p81v125c
  ProcessingElement_449
                     ZeroWireload          tcbn28hpmbwp35ss0p81v125c
  ProcessingElement_448
                     ZeroWireload          tcbn28hpmbwp35ss0p81v125c
  ProcessingElement_447
                     ZeroWireload          tcbn28hpmbwp35ss0p81v125c
  ProcessingElement_446
                     ZeroWireload          tcbn28hpmbwp35ss0p81v125c
  ProcessingElement_445
                     ZeroWireload          tcbn28hpmbwp35ss0p81v125c
  ProcessingElement_444
                     ZeroWireload          tcbn28hpmbwp35ss0p81v125c
  ProcessingElement_443
                     ZeroWireload          tcbn28hpmbwp35ss0p81v125c
  ProcessingElement_442
                     ZeroWireload          tcbn28hpmbwp35ss0p81v125c
  ProcessingElement_441
                     ZeroWireload          tcbn28hpmbwp35ss0p81v125c
  ProcessingElement_440
                     ZeroWireload          tcbn28hpmbwp35ss0p81v125c
  ProcessingElement_439
                     ZeroWireload          tcbn28hpmbwp35ss0p81v125c
  ProcessingElement_438
                     ZeroWireload          tcbn28hpmbwp35ss0p81v125c
  ProcessingElement_437
                     ZeroWireload          tcbn28hpmbwp35ss0p81v125c
  ProcessingElement_436
                     ZeroWireload          tcbn28hpmbwp35ss0p81v125c
  ProcessingElement_435
                     ZeroWireload          tcbn28hpmbwp35ss0p81v125c
  ProcessingElement_434
                     ZeroWireload          tcbn28hpmbwp35ss0p81v125c
  ProcessingElement_433
                     ZeroWireload          tcbn28hpmbwp35ss0p81v125c
  ProcessingElement_432
                     ZeroWireload          tcbn28hpmbwp35ss0p81v125c
  ProcessingElement_431
                     ZeroWireload          tcbn28hpmbwp35ss0p81v125c
  ProcessingElement_430
                     ZeroWireload          tcbn28hpmbwp35ss0p81v125c
  ProcessingElement_429
                     ZeroWireload          tcbn28hpmbwp35ss0p81v125c
  ProcessingElement_428
                     ZeroWireload          tcbn28hpmbwp35ss0p81v125c
  ProcessingElement_427
                     ZeroWireload          tcbn28hpmbwp35ss0p81v125c
  ProcessingElement_426
                     ZeroWireload          tcbn28hpmbwp35ss0p81v125c
  ProcessingElement_425
                     ZeroWireload          tcbn28hpmbwp35ss0p81v125c
  ProcessingElement_424
                     ZeroWireload          tcbn28hpmbwp35ss0p81v125c
  ProcessingElement_423
                     ZeroWireload          tcbn28hpmbwp35ss0p81v125c
  ProcessingElement_422
                     ZeroWireload          tcbn28hpmbwp35ss0p81v125c
  ProcessingElement_421
                     ZeroWireload          tcbn28hpmbwp35ss0p81v125c
  ProcessingElement_420
                     ZeroWireload          tcbn28hpmbwp35ss0p81v125c
  ProcessingElement_419
                     ZeroWireload          tcbn28hpmbwp35ss0p81v125c
  ProcessingElement_418
                     ZeroWireload          tcbn28hpmbwp35ss0p81v125c
  ProcessingElement_417
                     ZeroWireload          tcbn28hpmbwp35ss0p81v125c
  ProcessingElement_416
                     ZeroWireload          tcbn28hpmbwp35ss0p81v125c
  ProcessingElement_415
                     ZeroWireload          tcbn28hpmbwp35ss0p81v125c
  ProcessingElement_414
                     ZeroWireload          tcbn28hpmbwp35ss0p81v125c
  ProcessingElement_413
                     ZeroWireload          tcbn28hpmbwp35ss0p81v125c
  ProcessingElement_412
                     ZeroWireload          tcbn28hpmbwp35ss0p81v125c
  ProcessingElement_411
                     ZeroWireload          tcbn28hpmbwp35ss0p81v125c
  ProcessingElement_410
                     ZeroWireload          tcbn28hpmbwp35ss0p81v125c
  ProcessingElement_409
                     ZeroWireload          tcbn28hpmbwp35ss0p81v125c
  ProcessingElement_408
                     ZeroWireload          tcbn28hpmbwp35ss0p81v125c
  ProcessingElement_407
                     ZeroWireload          tcbn28hpmbwp35ss0p81v125c
  ProcessingElement_406
                     ZeroWireload          tcbn28hpmbwp35ss0p81v125c
  ProcessingElement_405
                     ZeroWireload          tcbn28hpmbwp35ss0p81v125c
  ProcessingElement_404
                     ZeroWireload          tcbn28hpmbwp35ss0p81v125c
  ProcessingElement_403
                     ZeroWireload          tcbn28hpmbwp35ss0p81v125c
  ProcessingElement_402
                     ZeroWireload          tcbn28hpmbwp35ss0p81v125c
  ProcessingElement_401
                     ZeroWireload          tcbn28hpmbwp35ss0p81v125c
  ProcessingElement_400
                     ZeroWireload          tcbn28hpmbwp35ss0p81v125c
  ProcessingElement_399
                     ZeroWireload          tcbn28hpmbwp35ss0p81v125c
  ProcessingElement_398
                     ZeroWireload          tcbn28hpmbwp35ss0p81v125c
  ProcessingElement_397
                     ZeroWireload          tcbn28hpmbwp35ss0p81v125c
  ProcessingElement_396
                     ZeroWireload          tcbn28hpmbwp35ss0p81v125c
  ProcessingElement_395
                     ZeroWireload          tcbn28hpmbwp35ss0p81v125c
  ProcessingElement_394
                     ZeroWireload          tcbn28hpmbwp35ss0p81v125c
  ProcessingElement_393
                     ZeroWireload          tcbn28hpmbwp35ss0p81v125c
  ProcessingElement_392
                     ZeroWireload          tcbn28hpmbwp35ss0p81v125c
  ProcessingElement_391
                     ZeroWireload          tcbn28hpmbwp35ss0p81v125c
  ProcessingElement_390
                     ZeroWireload          tcbn28hpmbwp35ss0p81v125c
  ProcessingElement_389
                     ZeroWireload          tcbn28hpmbwp35ss0p81v125c
  ProcessingElement_388
                     ZeroWireload          tcbn28hpmbwp35ss0p81v125c
  ProcessingElement_387
                     ZeroWireload          tcbn28hpmbwp35ss0p81v125c
  ProcessingElement_386
                     ZeroWireload          tcbn28hpmbwp35ss0p81v125c
  ProcessingElement_385
                     ZeroWireload          tcbn28hpmbwp35ss0p81v125c
  ProcessingElement_384
                     ZeroWireload          tcbn28hpmbwp35ss0p81v125c
  ProcessingElement_383
                     ZeroWireload          tcbn28hpmbwp35ss0p81v125c
  ProcessingElement_382
                     ZeroWireload          tcbn28hpmbwp35ss0p81v125c
  ProcessingElement_381
                     ZeroWireload          tcbn28hpmbwp35ss0p81v125c
  ProcessingElement_380
                     ZeroWireload          tcbn28hpmbwp35ss0p81v125c
  ProcessingElement_379
                     ZeroWireload          tcbn28hpmbwp35ss0p81v125c
  ProcessingElement_378
                     ZeroWireload          tcbn28hpmbwp35ss0p81v125c
  ProcessingElement_377
                     ZeroWireload          tcbn28hpmbwp35ss0p81v125c
  ProcessingElement_376
                     ZeroWireload          tcbn28hpmbwp35ss0p81v125c
  ProcessingElement_375
                     ZeroWireload          tcbn28hpmbwp35ss0p81v125c
  ProcessingElement_374
                     ZeroWireload          tcbn28hpmbwp35ss0p81v125c
  ProcessingElement_373
                     ZeroWireload          tcbn28hpmbwp35ss0p81v125c
  ProcessingElement_372
                     ZeroWireload          tcbn28hpmbwp35ss0p81v125c
  ProcessingElement_371
                     ZeroWireload          tcbn28hpmbwp35ss0p81v125c
  ProcessingElement_370
                     ZeroWireload          tcbn28hpmbwp35ss0p81v125c
  ProcessingElement_369
                     ZeroWireload          tcbn28hpmbwp35ss0p81v125c
  ProcessingElement_368
                     ZeroWireload          tcbn28hpmbwp35ss0p81v125c
  ProcessingElement_367
                     ZeroWireload          tcbn28hpmbwp35ss0p81v125c
  ProcessingElement_366
                     ZeroWireload          tcbn28hpmbwp35ss0p81v125c
  ProcessingElement_365
                     ZeroWireload          tcbn28hpmbwp35ss0p81v125c
  ProcessingElement_364
                     ZeroWireload          tcbn28hpmbwp35ss0p81v125c
  ProcessingElement_363
                     ZeroWireload          tcbn28hpmbwp35ss0p81v125c
  ProcessingElement_362
                     ZeroWireload          tcbn28hpmbwp35ss0p81v125c
  ProcessingElement_361
                     ZeroWireload          tcbn28hpmbwp35ss0p81v125c
  ProcessingElement_360
                     ZeroWireload          tcbn28hpmbwp35ss0p81v125c
  ProcessingElement_359
                     ZeroWireload          tcbn28hpmbwp35ss0p81v125c
  ProcessingElement_358
                     ZeroWireload          tcbn28hpmbwp35ss0p81v125c
  ProcessingElement_357
                     ZeroWireload          tcbn28hpmbwp35ss0p81v125c
  ProcessingElement_356
                     ZeroWireload          tcbn28hpmbwp35ss0p81v125c
  ProcessingElement_355
                     ZeroWireload          tcbn28hpmbwp35ss0p81v125c
  ProcessingElement_354
                     ZeroWireload          tcbn28hpmbwp35ss0p81v125c
  ProcessingElement_353
                     ZeroWireload          tcbn28hpmbwp35ss0p81v125c
  ProcessingElement_352
                     ZeroWireload          tcbn28hpmbwp35ss0p81v125c
  ProcessingElement_351
                     ZeroWireload          tcbn28hpmbwp35ss0p81v125c
  ProcessingElement_350
                     ZeroWireload          tcbn28hpmbwp35ss0p81v125c
  ProcessingElement_349
                     ZeroWireload          tcbn28hpmbwp35ss0p81v125c
  ProcessingElement_348
                     ZeroWireload          tcbn28hpmbwp35ss0p81v125c
  ProcessingElement_347
                     ZeroWireload          tcbn28hpmbwp35ss0p81v125c
  ProcessingElement_346
                     ZeroWireload          tcbn28hpmbwp35ss0p81v125c
  ProcessingElement_345
                     ZeroWireload          tcbn28hpmbwp35ss0p81v125c
  ProcessingElement_344
                     ZeroWireload          tcbn28hpmbwp35ss0p81v125c
  ProcessingElement_343
                     ZeroWireload          tcbn28hpmbwp35ss0p81v125c
  ProcessingElement_342
                     ZeroWireload          tcbn28hpmbwp35ss0p81v125c
  ProcessingElement_341
                     ZeroWireload          tcbn28hpmbwp35ss0p81v125c
  ProcessingElement_340
                     ZeroWireload          tcbn28hpmbwp35ss0p81v125c
  ProcessingElement_339
                     ZeroWireload          tcbn28hpmbwp35ss0p81v125c
  ProcessingElement_338
                     ZeroWireload          tcbn28hpmbwp35ss0p81v125c
  ProcessingElement_337
                     ZeroWireload          tcbn28hpmbwp35ss0p81v125c
  ProcessingElement_336
                     ZeroWireload          tcbn28hpmbwp35ss0p81v125c
  ProcessingElement_335
                     ZeroWireload          tcbn28hpmbwp35ss0p81v125c
  ProcessingElement_334
                     ZeroWireload          tcbn28hpmbwp35ss0p81v125c
  ProcessingElement_333
                     ZeroWireload          tcbn28hpmbwp35ss0p81v125c
  ProcessingElement_332
                     ZeroWireload          tcbn28hpmbwp35ss0p81v125c
  ProcessingElement_331
                     ZeroWireload          tcbn28hpmbwp35ss0p81v125c
  ProcessingElement_330
                     ZeroWireload          tcbn28hpmbwp35ss0p81v125c
  ProcessingElement_329
                     ZeroWireload          tcbn28hpmbwp35ss0p81v125c
  ProcessingElement_328
                     ZeroWireload          tcbn28hpmbwp35ss0p81v125c
  ProcessingElement_327
                     ZeroWireload          tcbn28hpmbwp35ss0p81v125c
  ProcessingElement_326
                     ZeroWireload          tcbn28hpmbwp35ss0p81v125c
  ProcessingElement_325
                     ZeroWireload          tcbn28hpmbwp35ss0p81v125c
  ProcessingElement_324
                     ZeroWireload          tcbn28hpmbwp35ss0p81v125c
  ProcessingElement_323
                     ZeroWireload          tcbn28hpmbwp35ss0p81v125c
  ProcessingElement_322
                     ZeroWireload          tcbn28hpmbwp35ss0p81v125c
  ProcessingElement_321
                     ZeroWireload          tcbn28hpmbwp35ss0p81v125c
  ProcessingElement_320
                     ZeroWireload          tcbn28hpmbwp35ss0p81v125c
  ProcessingElement_319
                     ZeroWireload          tcbn28hpmbwp35ss0p81v125c
  ProcessingElement_318
                     ZeroWireload          tcbn28hpmbwp35ss0p81v125c
  ProcessingElement_317
                     ZeroWireload          tcbn28hpmbwp35ss0p81v125c
  ProcessingElement_316
                     ZeroWireload          tcbn28hpmbwp35ss0p81v125c
  ProcessingElement_315
                     ZeroWireload          tcbn28hpmbwp35ss0p81v125c
  ProcessingElement_314
                     ZeroWireload          tcbn28hpmbwp35ss0p81v125c
  ProcessingElement_313
                     ZeroWireload          tcbn28hpmbwp35ss0p81v125c
  ProcessingElement_312
                     ZeroWireload          tcbn28hpmbwp35ss0p81v125c
  ProcessingElement_311
                     ZeroWireload          tcbn28hpmbwp35ss0p81v125c
  ProcessingElement_310
                     ZeroWireload          tcbn28hpmbwp35ss0p81v125c
  ProcessingElement_309
                     ZeroWireload          tcbn28hpmbwp35ss0p81v125c
  ProcessingElement_308
                     ZeroWireload          tcbn28hpmbwp35ss0p81v125c
  ProcessingElement_307
                     ZeroWireload          tcbn28hpmbwp35ss0p81v125c
  ProcessingElement_306
                     ZeroWireload          tcbn28hpmbwp35ss0p81v125c
  ProcessingElement_305
                     ZeroWireload          tcbn28hpmbwp35ss0p81v125c
  ProcessingElement_304
                     ZeroWireload          tcbn28hpmbwp35ss0p81v125c
  ProcessingElement_303
                     ZeroWireload          tcbn28hpmbwp35ss0p81v125c
  ProcessingElement_302
                     ZeroWireload          tcbn28hpmbwp35ss0p81v125c
  ProcessingElement_301
                     ZeroWireload          tcbn28hpmbwp35ss0p81v125c
  ProcessingElement_300
                     ZeroWireload          tcbn28hpmbwp35ss0p81v125c
  ProcessingElement_299
                     ZeroWireload          tcbn28hpmbwp35ss0p81v125c
  ProcessingElement_298
                     ZeroWireload          tcbn28hpmbwp35ss0p81v125c
  ProcessingElement_297
                     ZeroWireload          tcbn28hpmbwp35ss0p81v125c
  ProcessingElement_296
                     ZeroWireload          tcbn28hpmbwp35ss0p81v125c
  ProcessingElement_295
                     ZeroWireload          tcbn28hpmbwp35ss0p81v125c
  ProcessingElement_294
                     ZeroWireload          tcbn28hpmbwp35ss0p81v125c
  ProcessingElement_293
                     ZeroWireload          tcbn28hpmbwp35ss0p81v125c
  ProcessingElement_292
                     ZeroWireload          tcbn28hpmbwp35ss0p81v125c
  ProcessingElement_291
                     ZeroWireload          tcbn28hpmbwp35ss0p81v125c
  ProcessingElement_290
                     ZeroWireload          tcbn28hpmbwp35ss0p81v125c
  ProcessingElement_289
                     ZeroWireload          tcbn28hpmbwp35ss0p81v125c
  ProcessingElement_288
                     ZeroWireload          tcbn28hpmbwp35ss0p81v125c
  ProcessingElement_287
                     ZeroWireload          tcbn28hpmbwp35ss0p81v125c
  ProcessingElement_286
                     ZeroWireload          tcbn28hpmbwp35ss0p81v125c
  ProcessingElement_285
                     ZeroWireload          tcbn28hpmbwp35ss0p81v125c
  ProcessingElement_284
                     ZeroWireload          tcbn28hpmbwp35ss0p81v125c
  ProcessingElement_283
                     ZeroWireload          tcbn28hpmbwp35ss0p81v125c
  ProcessingElement_282
                     ZeroWireload          tcbn28hpmbwp35ss0p81v125c
  ProcessingElement_281
                     ZeroWireload          tcbn28hpmbwp35ss0p81v125c
  ProcessingElement_280
                     ZeroWireload          tcbn28hpmbwp35ss0p81v125c
  ProcessingElement_279
                     ZeroWireload          tcbn28hpmbwp35ss0p81v125c
  ProcessingElement_278
                     ZeroWireload          tcbn28hpmbwp35ss0p81v125c
  ProcessingElement_277
                     ZeroWireload          tcbn28hpmbwp35ss0p81v125c
  ProcessingElement_276
                     ZeroWireload          tcbn28hpmbwp35ss0p81v125c
  ProcessingElement_275
                     ZeroWireload          tcbn28hpmbwp35ss0p81v125c
  ProcessingElement_274
                     ZeroWireload          tcbn28hpmbwp35ss0p81v125c
  ProcessingElement_273
                     ZeroWireload          tcbn28hpmbwp35ss0p81v125c
  ProcessingElement_272
                     ZeroWireload          tcbn28hpmbwp35ss0p81v125c
  ProcessingElement_271
                     ZeroWireload          tcbn28hpmbwp35ss0p81v125c
  ProcessingElement_270
                     ZeroWireload          tcbn28hpmbwp35ss0p81v125c
  ProcessingElement_269
                     ZeroWireload          tcbn28hpmbwp35ss0p81v125c
  ProcessingElement_268
                     ZeroWireload          tcbn28hpmbwp35ss0p81v125c
  ProcessingElement_267
                     ZeroWireload          tcbn28hpmbwp35ss0p81v125c
  ProcessingElement_266
                     ZeroWireload          tcbn28hpmbwp35ss0p81v125c
  ProcessingElement_265
                     ZeroWireload          tcbn28hpmbwp35ss0p81v125c
  ProcessingElement_264
                     ZeroWireload          tcbn28hpmbwp35ss0p81v125c
  ProcessingElement_263
                     ZeroWireload          tcbn28hpmbwp35ss0p81v125c
  ProcessingElement_262
                     ZeroWireload          tcbn28hpmbwp35ss0p81v125c
  ProcessingElement_261
                     ZeroWireload          tcbn28hpmbwp35ss0p81v125c
  ProcessingElement_260
                     ZeroWireload          tcbn28hpmbwp35ss0p81v125c
  ProcessingElement_259
                     ZeroWireload          tcbn28hpmbwp35ss0p81v125c
  ProcessingElement_258
                     ZeroWireload          tcbn28hpmbwp35ss0p81v125c
  ProcessingElement_257
                     ZeroWireload          tcbn28hpmbwp35ss0p81v125c
  ProcessingElement_256
                     ZeroWireload          tcbn28hpmbwp35ss0p81v125c
  ProcessingElement_255
                     ZeroWireload          tcbn28hpmbwp35ss0p81v125c
  ProcessingElement_254
                     ZeroWireload          tcbn28hpmbwp35ss0p81v125c
  ProcessingElement_253
                     ZeroWireload          tcbn28hpmbwp35ss0p81v125c
  ProcessingElement_252
                     ZeroWireload          tcbn28hpmbwp35ss0p81v125c
  ProcessingElement_251
                     ZeroWireload          tcbn28hpmbwp35ss0p81v125c
  ProcessingElement_250
                     ZeroWireload          tcbn28hpmbwp35ss0p81v125c
  ProcessingElement_249
                     ZeroWireload          tcbn28hpmbwp35ss0p81v125c
  ProcessingElement_248
                     ZeroWireload          tcbn28hpmbwp35ss0p81v125c
  ProcessingElement_247
                     ZeroWireload          tcbn28hpmbwp35ss0p81v125c
  ProcessingElement_246
                     ZeroWireload          tcbn28hpmbwp35ss0p81v125c
  ProcessingElement_245
                     ZeroWireload          tcbn28hpmbwp35ss0p81v125c
  ProcessingElement_244
                     ZeroWireload          tcbn28hpmbwp35ss0p81v125c
  ProcessingElement_243
                     ZeroWireload          tcbn28hpmbwp35ss0p81v125c
  ProcessingElement_242
                     ZeroWireload          tcbn28hpmbwp35ss0p81v125c
  ProcessingElement_241
                     ZeroWireload          tcbn28hpmbwp35ss0p81v125c
  ProcessingElement_240
                     ZeroWireload          tcbn28hpmbwp35ss0p81v125c
  ProcessingElement_239
                     ZeroWireload          tcbn28hpmbwp35ss0p81v125c
  ProcessingElement_238
                     ZeroWireload          tcbn28hpmbwp35ss0p81v125c
  ProcessingElement_237
                     ZeroWireload          tcbn28hpmbwp35ss0p81v125c
  ProcessingElement_236
                     ZeroWireload          tcbn28hpmbwp35ss0p81v125c
  ProcessingElement_235
                     ZeroWireload          tcbn28hpmbwp35ss0p81v125c
  ProcessingElement_234
                     ZeroWireload          tcbn28hpmbwp35ss0p81v125c
  ProcessingElement_233
                     ZeroWireload          tcbn28hpmbwp35ss0p81v125c
  ProcessingElement_232
                     ZeroWireload          tcbn28hpmbwp35ss0p81v125c
  ProcessingElement_231
                     ZeroWireload          tcbn28hpmbwp35ss0p81v125c
  ProcessingElement_230
                     ZeroWireload          tcbn28hpmbwp35ss0p81v125c
  ProcessingElement_229
                     ZeroWireload          tcbn28hpmbwp35ss0p81v125c
  ProcessingElement_228
                     ZeroWireload          tcbn28hpmbwp35ss0p81v125c
  ProcessingElement_227
                     ZeroWireload          tcbn28hpmbwp35ss0p81v125c
  ProcessingElement_226
                     ZeroWireload          tcbn28hpmbwp35ss0p81v125c
  ProcessingElement_225
                     ZeroWireload          tcbn28hpmbwp35ss0p81v125c
  ProcessingElement_224
                     ZeroWireload          tcbn28hpmbwp35ss0p81v125c
  ProcessingElement_223
                     ZeroWireload          tcbn28hpmbwp35ss0p81v125c
  ProcessingElement_222
                     ZeroWireload          tcbn28hpmbwp35ss0p81v125c
  ProcessingElement_221
                     ZeroWireload          tcbn28hpmbwp35ss0p81v125c
  ProcessingElement_220
                     ZeroWireload          tcbn28hpmbwp35ss0p81v125c
  ProcessingElement_219
                     ZeroWireload          tcbn28hpmbwp35ss0p81v125c
  ProcessingElement_218
                     ZeroWireload          tcbn28hpmbwp35ss0p81v125c
  ProcessingElement_217
                     ZeroWireload          tcbn28hpmbwp35ss0p81v125c
  ProcessingElement_216
                     ZeroWireload          tcbn28hpmbwp35ss0p81v125c
  ProcessingElement_215
                     ZeroWireload          tcbn28hpmbwp35ss0p81v125c
  ProcessingElement_214
                     ZeroWireload          tcbn28hpmbwp35ss0p81v125c
  ProcessingElement_213
                     ZeroWireload          tcbn28hpmbwp35ss0p81v125c
  ProcessingElement_212
                     ZeroWireload          tcbn28hpmbwp35ss0p81v125c
  ProcessingElement_211
                     ZeroWireload          tcbn28hpmbwp35ss0p81v125c
  ProcessingElement_210
                     ZeroWireload          tcbn28hpmbwp35ss0p81v125c
  ProcessingElement_209
                     ZeroWireload          tcbn28hpmbwp35ss0p81v125c
  ProcessingElement_208
                     ZeroWireload          tcbn28hpmbwp35ss0p81v125c
  ProcessingElement_207
                     ZeroWireload          tcbn28hpmbwp35ss0p81v125c
  ProcessingElement_206
                     ZeroWireload          tcbn28hpmbwp35ss0p81v125c
  ProcessingElement_205
                     ZeroWireload          tcbn28hpmbwp35ss0p81v125c
  ProcessingElement_204
                     ZeroWireload          tcbn28hpmbwp35ss0p81v125c
  ProcessingElement_203
                     ZeroWireload          tcbn28hpmbwp35ss0p81v125c
  ProcessingElement_202
                     ZeroWireload          tcbn28hpmbwp35ss0p81v125c
  ProcessingElement_201
                     ZeroWireload          tcbn28hpmbwp35ss0p81v125c
  ProcessingElement_200
                     ZeroWireload          tcbn28hpmbwp35ss0p81v125c
  ProcessingElement_199
                     ZeroWireload          tcbn28hpmbwp35ss0p81v125c
  ProcessingElement_198
                     ZeroWireload          tcbn28hpmbwp35ss0p81v125c
  ProcessingElement_197
                     ZeroWireload          tcbn28hpmbwp35ss0p81v125c
  ProcessingElement_196
                     ZeroWireload          tcbn28hpmbwp35ss0p81v125c
  ProcessingElement_195
                     ZeroWireload          tcbn28hpmbwp35ss0p81v125c
  ProcessingElement_194
                     ZeroWireload          tcbn28hpmbwp35ss0p81v125c
  ProcessingElement_193
                     ZeroWireload          tcbn28hpmbwp35ss0p81v125c
  ProcessingElement_192
                     ZeroWireload          tcbn28hpmbwp35ss0p81v125c
  ProcessingElement_191
                     ZeroWireload          tcbn28hpmbwp35ss0p81v125c
  ProcessingElement_190
                     ZeroWireload          tcbn28hpmbwp35ss0p81v125c
  ProcessingElement_189
                     ZeroWireload          tcbn28hpmbwp35ss0p81v125c
  ProcessingElement_188
                     ZeroWireload          tcbn28hpmbwp35ss0p81v125c
  ProcessingElement_187
                     ZeroWireload          tcbn28hpmbwp35ss0p81v125c
  ProcessingElement_186
                     ZeroWireload          tcbn28hpmbwp35ss0p81v125c
  ProcessingElement_185
                     ZeroWireload          tcbn28hpmbwp35ss0p81v125c
  ProcessingElement_184
                     ZeroWireload          tcbn28hpmbwp35ss0p81v125c
  ProcessingElement_183
                     ZeroWireload          tcbn28hpmbwp35ss0p81v125c
  ProcessingElement_182
                     ZeroWireload          tcbn28hpmbwp35ss0p81v125c
  ProcessingElement_181
                     ZeroWireload          tcbn28hpmbwp35ss0p81v125c
  ProcessingElement_180
                     ZeroWireload          tcbn28hpmbwp35ss0p81v125c
  ProcessingElement_179
                     ZeroWireload          tcbn28hpmbwp35ss0p81v125c
  ProcessingElement_178
                     ZeroWireload          tcbn28hpmbwp35ss0p81v125c
  ProcessingElement_177
                     ZeroWireload          tcbn28hpmbwp35ss0p81v125c
  ProcessingElement_176
                     ZeroWireload          tcbn28hpmbwp35ss0p81v125c
  ProcessingElement_175
                     ZeroWireload          tcbn28hpmbwp35ss0p81v125c
  ProcessingElement_174
                     ZeroWireload          tcbn28hpmbwp35ss0p81v125c
  ProcessingElement_173
                     ZeroWireload          tcbn28hpmbwp35ss0p81v125c
  ProcessingElement_172
                     ZeroWireload          tcbn28hpmbwp35ss0p81v125c
  ProcessingElement_171
                     ZeroWireload          tcbn28hpmbwp35ss0p81v125c
  ProcessingElement_170
                     ZeroWireload          tcbn28hpmbwp35ss0p81v125c
  ProcessingElement_169
                     ZeroWireload          tcbn28hpmbwp35ss0p81v125c
  ProcessingElement_168
                     ZeroWireload          tcbn28hpmbwp35ss0p81v125c
  ProcessingElement_167
                     ZeroWireload          tcbn28hpmbwp35ss0p81v125c
  ProcessingElement_166
                     ZeroWireload          tcbn28hpmbwp35ss0p81v125c
  ProcessingElement_165
                     ZeroWireload          tcbn28hpmbwp35ss0p81v125c
  ProcessingElement_164
                     ZeroWireload          tcbn28hpmbwp35ss0p81v125c
  ProcessingElement_163
                     ZeroWireload          tcbn28hpmbwp35ss0p81v125c
  ProcessingElement_162
                     ZeroWireload          tcbn28hpmbwp35ss0p81v125c
  ProcessingElement_161
                     ZeroWireload          tcbn28hpmbwp35ss0p81v125c
  ProcessingElement_160
                     ZeroWireload          tcbn28hpmbwp35ss0p81v125c
  ProcessingElement_159
                     ZeroWireload          tcbn28hpmbwp35ss0p81v125c
  ProcessingElement_158
                     ZeroWireload          tcbn28hpmbwp35ss0p81v125c
  ProcessingElement_157
                     ZeroWireload          tcbn28hpmbwp35ss0p81v125c
  ProcessingElement_156
                     ZeroWireload          tcbn28hpmbwp35ss0p81v125c
  ProcessingElement_155
                     ZeroWireload          tcbn28hpmbwp35ss0p81v125c
  ProcessingElement_154
                     ZeroWireload          tcbn28hpmbwp35ss0p81v125c
  ProcessingElement_153
                     ZeroWireload          tcbn28hpmbwp35ss0p81v125c
  ProcessingElement_152
                     ZeroWireload          tcbn28hpmbwp35ss0p81v125c
  ProcessingElement_151
                     ZeroWireload          tcbn28hpmbwp35ss0p81v125c
  ProcessingElement_150
                     ZeroWireload          tcbn28hpmbwp35ss0p81v125c
  ProcessingElement_149
                     ZeroWireload          tcbn28hpmbwp35ss0p81v125c
  ProcessingElement_148
                     ZeroWireload          tcbn28hpmbwp35ss0p81v125c
  ProcessingElement_147
                     ZeroWireload          tcbn28hpmbwp35ss0p81v125c
  ProcessingElement_146
                     ZeroWireload          tcbn28hpmbwp35ss0p81v125c
  ProcessingElement_145
                     ZeroWireload          tcbn28hpmbwp35ss0p81v125c
  ProcessingElement_144
                     ZeroWireload          tcbn28hpmbwp35ss0p81v125c
  ProcessingElement_143
                     ZeroWireload          tcbn28hpmbwp35ss0p81v125c
  ProcessingElement_142
                     ZeroWireload          tcbn28hpmbwp35ss0p81v125c
  ProcessingElement_141
                     ZeroWireload          tcbn28hpmbwp35ss0p81v125c
  ProcessingElement_140
                     ZeroWireload          tcbn28hpmbwp35ss0p81v125c
  ProcessingElement_139
                     ZeroWireload          tcbn28hpmbwp35ss0p81v125c
  ProcessingElement_138
                     ZeroWireload          tcbn28hpmbwp35ss0p81v125c
  ProcessingElement_137
                     ZeroWireload          tcbn28hpmbwp35ss0p81v125c
  ProcessingElement_136
                     ZeroWireload          tcbn28hpmbwp35ss0p81v125c
  ProcessingElement_135
                     ZeroWireload          tcbn28hpmbwp35ss0p81v125c
  ProcessingElement_134
                     ZeroWireload          tcbn28hpmbwp35ss0p81v125c
  ProcessingElement_133
                     ZeroWireload          tcbn28hpmbwp35ss0p81v125c
  ProcessingElement_132
                     ZeroWireload          tcbn28hpmbwp35ss0p81v125c
  ProcessingElement_131
                     ZeroWireload          tcbn28hpmbwp35ss0p81v125c
  ProcessingElement_130
                     ZeroWireload          tcbn28hpmbwp35ss0p81v125c
  ProcessingElement_129
                     ZeroWireload          tcbn28hpmbwp35ss0p81v125c
  ProcessingElement_128
                     ZeroWireload          tcbn28hpmbwp35ss0p81v125c
  ProcessingElement_127
                     ZeroWireload          tcbn28hpmbwp35ss0p81v125c
  ProcessingElement_126
                     ZeroWireload          tcbn28hpmbwp35ss0p81v125c
  ProcessingElement_125
                     ZeroWireload          tcbn28hpmbwp35ss0p81v125c
  ProcessingElement_124
                     ZeroWireload          tcbn28hpmbwp35ss0p81v125c
  ProcessingElement_123
                     ZeroWireload          tcbn28hpmbwp35ss0p81v125c
  ProcessingElement_122
                     ZeroWireload          tcbn28hpmbwp35ss0p81v125c
  ProcessingElement_121
                     ZeroWireload          tcbn28hpmbwp35ss0p81v125c
  ProcessingElement_120
                     ZeroWireload          tcbn28hpmbwp35ss0p81v125c
  ProcessingElement_119
                     ZeroWireload          tcbn28hpmbwp35ss0p81v125c
  ProcessingElement_118
                     ZeroWireload          tcbn28hpmbwp35ss0p81v125c
  ProcessingElement_117
                     ZeroWireload          tcbn28hpmbwp35ss0p81v125c
  ProcessingElement_116
                     ZeroWireload          tcbn28hpmbwp35ss0p81v125c
  ProcessingElement_115
                     ZeroWireload          tcbn28hpmbwp35ss0p81v125c
  ProcessingElement_114
                     ZeroWireload          tcbn28hpmbwp35ss0p81v125c
  ProcessingElement_113
                     ZeroWireload          tcbn28hpmbwp35ss0p81v125c
  ProcessingElement_112
                     ZeroWireload          tcbn28hpmbwp35ss0p81v125c
  ProcessingElement_111
                     ZeroWireload          tcbn28hpmbwp35ss0p81v125c
  ProcessingElement_110
                     ZeroWireload          tcbn28hpmbwp35ss0p81v125c
  ProcessingElement_109
                     ZeroWireload          tcbn28hpmbwp35ss0p81v125c
  ProcessingElement_108
                     ZeroWireload          tcbn28hpmbwp35ss0p81v125c
  ProcessingElement_107
                     ZeroWireload          tcbn28hpmbwp35ss0p81v125c
  ProcessingElement_106
                     ZeroWireload          tcbn28hpmbwp35ss0p81v125c
  ProcessingElement_105
                     ZeroWireload          tcbn28hpmbwp35ss0p81v125c
  ProcessingElement_104
                     ZeroWireload          tcbn28hpmbwp35ss0p81v125c
  ProcessingElement_103
                     ZeroWireload          tcbn28hpmbwp35ss0p81v125c
  ProcessingElement_102
                     ZeroWireload          tcbn28hpmbwp35ss0p81v125c
  ProcessingElement_101
                     ZeroWireload          tcbn28hpmbwp35ss0p81v125c
  ProcessingElement_100
                     ZeroWireload          tcbn28hpmbwp35ss0p81v125c
  ProcessingElement_99
                     ZeroWireload          tcbn28hpmbwp35ss0p81v125c
  ProcessingElement_98
                     ZeroWireload          tcbn28hpmbwp35ss0p81v125c
  ProcessingElement_97
                     ZeroWireload          tcbn28hpmbwp35ss0p81v125c
  ProcessingElement_96
                     ZeroWireload          tcbn28hpmbwp35ss0p81v125c
  ProcessingElement_95
                     ZeroWireload          tcbn28hpmbwp35ss0p81v125c
  ProcessingElement_94
                     ZeroWireload          tcbn28hpmbwp35ss0p81v125c
  ProcessingElement_93
                     ZeroWireload          tcbn28hpmbwp35ss0p81v125c
  ProcessingElement_92
                     ZeroWireload          tcbn28hpmbwp35ss0p81v125c
  ProcessingElement_91
                     ZeroWireload          tcbn28hpmbwp35ss0p81v125c
  ProcessingElement_90
                     ZeroWireload          tcbn28hpmbwp35ss0p81v125c
  ProcessingElement_89
                     ZeroWireload          tcbn28hpmbwp35ss0p81v125c
  ProcessingElement_88
                     ZeroWireload          tcbn28hpmbwp35ss0p81v125c
  ProcessingElement_87
                     ZeroWireload          tcbn28hpmbwp35ss0p81v125c
  ProcessingElement_86
                     ZeroWireload          tcbn28hpmbwp35ss0p81v125c
  ProcessingElement_85
                     ZeroWireload          tcbn28hpmbwp35ss0p81v125c
  ProcessingElement_84
                     ZeroWireload          tcbn28hpmbwp35ss0p81v125c
  ProcessingElement_83
                     ZeroWireload          tcbn28hpmbwp35ss0p81v125c
  ProcessingElement_82
                     ZeroWireload          tcbn28hpmbwp35ss0p81v125c
  ProcessingElement_81
                     ZeroWireload          tcbn28hpmbwp35ss0p81v125c
  ProcessingElement_80
                     ZeroWireload          tcbn28hpmbwp35ss0p81v125c
  ProcessingElement_79
                     ZeroWireload          tcbn28hpmbwp35ss0p81v125c
  ProcessingElement_78
                     ZeroWireload          tcbn28hpmbwp35ss0p81v125c
  ProcessingElement_77
                     ZeroWireload          tcbn28hpmbwp35ss0p81v125c
  ProcessingElement_76
                     ZeroWireload          tcbn28hpmbwp35ss0p81v125c
  ProcessingElement_75
                     ZeroWireload          tcbn28hpmbwp35ss0p81v125c
  ProcessingElement_74
                     ZeroWireload          tcbn28hpmbwp35ss0p81v125c
  ProcessingElement_73
                     ZeroWireload          tcbn28hpmbwp35ss0p81v125c
  ProcessingElement_72
                     ZeroWireload          tcbn28hpmbwp35ss0p81v125c
  ProcessingElement_71
                     ZeroWireload          tcbn28hpmbwp35ss0p81v125c
  ProcessingElement_70
                     ZeroWireload          tcbn28hpmbwp35ss0p81v125c
  ProcessingElement_69
                     ZeroWireload          tcbn28hpmbwp35ss0p81v125c
  ProcessingElement_68
                     ZeroWireload          tcbn28hpmbwp35ss0p81v125c
  ProcessingElement_67
                     ZeroWireload          tcbn28hpmbwp35ss0p81v125c
  ProcessingElement_66
                     ZeroWireload          tcbn28hpmbwp35ss0p81v125c
  ProcessingElement_65
                     ZeroWireload          tcbn28hpmbwp35ss0p81v125c
  ProcessingElement_64
                     ZeroWireload          tcbn28hpmbwp35ss0p81v125c
  ProcessingElement_63
                     ZeroWireload          tcbn28hpmbwp35ss0p81v125c
  ProcessingElement_62
                     ZeroWireload          tcbn28hpmbwp35ss0p81v125c
  ProcessingElement_61
                     ZeroWireload          tcbn28hpmbwp35ss0p81v125c
  ProcessingElement_60
                     ZeroWireload          tcbn28hpmbwp35ss0p81v125c
  ProcessingElement_59
                     ZeroWireload          tcbn28hpmbwp35ss0p81v125c
  ProcessingElement_58
                     ZeroWireload          tcbn28hpmbwp35ss0p81v125c
  ProcessingElement_57
                     ZeroWireload          tcbn28hpmbwp35ss0p81v125c
  ProcessingElement_56
                     ZeroWireload          tcbn28hpmbwp35ss0p81v125c
  ProcessingElement_55
                     ZeroWireload          tcbn28hpmbwp35ss0p81v125c
  ProcessingElement_54
                     ZeroWireload          tcbn28hpmbwp35ss0p81v125c
  ProcessingElement_53
                     ZeroWireload          tcbn28hpmbwp35ss0p81v125c
  ProcessingElement_52
                     ZeroWireload          tcbn28hpmbwp35ss0p81v125c
  ProcessingElement_51
                     ZeroWireload          tcbn28hpmbwp35ss0p81v125c
  ProcessingElement_50
                     ZeroWireload          tcbn28hpmbwp35ss0p81v125c
  ProcessingElement_49
                     ZeroWireload          tcbn28hpmbwp35ss0p81v125c
  ProcessingElement_48
                     ZeroWireload          tcbn28hpmbwp35ss0p81v125c
  ProcessingElement_47
                     ZeroWireload          tcbn28hpmbwp35ss0p81v125c
  ProcessingElement_46
                     ZeroWireload          tcbn28hpmbwp35ss0p81v125c
  ProcessingElement_45
                     ZeroWireload          tcbn28hpmbwp35ss0p81v125c
  ProcessingElement_44
                     ZeroWireload          tcbn28hpmbwp35ss0p81v125c
  ProcessingElement_43
                     ZeroWireload          tcbn28hpmbwp35ss0p81v125c
  ProcessingElement_42
                     ZeroWireload          tcbn28hpmbwp35ss0p81v125c
  ProcessingElement_41
                     ZeroWireload          tcbn28hpmbwp35ss0p81v125c
  ProcessingElement_40
                     ZeroWireload          tcbn28hpmbwp35ss0p81v125c
  ProcessingElement_39
                     ZeroWireload          tcbn28hpmbwp35ss0p81v125c
  ProcessingElement_38
                     ZeroWireload          tcbn28hpmbwp35ss0p81v125c
  ProcessingElement_37
                     ZeroWireload          tcbn28hpmbwp35ss0p81v125c
  ProcessingElement_36
                     ZeroWireload          tcbn28hpmbwp35ss0p81v125c
  ProcessingElement_35
                     ZeroWireload          tcbn28hpmbwp35ss0p81v125c
  ProcessingElement_34
                     ZeroWireload          tcbn28hpmbwp35ss0p81v125c
  ProcessingElement_33
                     ZeroWireload          tcbn28hpmbwp35ss0p81v125c
  ProcessingElement_32
                     ZeroWireload          tcbn28hpmbwp35ss0p81v125c
  ProcessingElement_31
                     ZeroWireload          tcbn28hpmbwp35ss0p81v125c
  ProcessingElement_30
                     ZeroWireload          tcbn28hpmbwp35ss0p81v125c
  ProcessingElement_29
                     ZeroWireload          tcbn28hpmbwp35ss0p81v125c
  ProcessingElement_28
                     ZeroWireload          tcbn28hpmbwp35ss0p81v125c
  ProcessingElement_27
                     ZeroWireload          tcbn28hpmbwp35ss0p81v125c
  ProcessingElement_26
                     ZeroWireload          tcbn28hpmbwp35ss0p81v125c
  ProcessingElement_25
                     ZeroWireload          tcbn28hpmbwp35ss0p81v125c
  ProcessingElement_24
                     ZeroWireload          tcbn28hpmbwp35ss0p81v125c
  ProcessingElement_23
                     ZeroWireload          tcbn28hpmbwp35ss0p81v125c
  ProcessingElement_22
                     ZeroWireload          tcbn28hpmbwp35ss0p81v125c
  ProcessingElement_21
                     ZeroWireload          tcbn28hpmbwp35ss0p81v125c
  ProcessingElement_20
                     ZeroWireload          tcbn28hpmbwp35ss0p81v125c
  ProcessingElement_19
                     ZeroWireload          tcbn28hpmbwp35ss0p81v125c
  ProcessingElement_18
                     ZeroWireload          tcbn28hpmbwp35ss0p81v125c
  ProcessingElement_17
                     ZeroWireload          tcbn28hpmbwp35ss0p81v125c
  ProcessingElement_16
                     ZeroWireload          tcbn28hpmbwp35ss0p81v125c
  ProcessingElement_15
                     ZeroWireload          tcbn28hpmbwp35ss0p81v125c
  ProcessingElement_14
                     ZeroWireload          tcbn28hpmbwp35ss0p81v125c
  ProcessingElement_13
                     ZeroWireload          tcbn28hpmbwp35ss0p81v125c
  ProcessingElement_12
                     ZeroWireload          tcbn28hpmbwp35ss0p81v125c
  ProcessingElement_11
                     ZeroWireload          tcbn28hpmbwp35ss0p81v125c
  ProcessingElement_10
                     ZeroWireload          tcbn28hpmbwp35ss0p81v125c
  ProcessingElement_9
                     ZeroWireload          tcbn28hpmbwp35ss0p81v125c
  ProcessingElement_8
                     ZeroWireload          tcbn28hpmbwp35ss0p81v125c
  ProcessingElement_7
                     ZeroWireload          tcbn28hpmbwp35ss0p81v125c
  ProcessingElement_6
                     ZeroWireload          tcbn28hpmbwp35ss0p81v125c
  ProcessingElement_5
                     ZeroWireload          tcbn28hpmbwp35ss0p81v125c
  ProcessingElement_4
                     ZeroWireload          tcbn28hpmbwp35ss0p81v125c
  ProcessingElement_3
                     ZeroWireload          tcbn28hpmbwp35ss0p81v125c
  ProcessingElement_2
                     ZeroWireload          tcbn28hpmbwp35ss0p81v125c
  ProcessingElement_1
                     ZeroWireload          tcbn28hpmbwp35ss0p81v125c
  ProcessingElement_0
                     ZeroWireload          tcbn28hpmbwp35ss0p81v125c
  ProcessingElement_1023
                     ZeroWireload          tcbn28hpmbwp35ss0p81v125c
  SimpleSkewBuffer_2 ZeroWireload          tcbn28hpmbwp35ss0p81v125c
  SimpleSkewBuffer_1 ZeroWireload          tcbn28hpmbwp35ss0p81v125c
  SimpleSkewBuffer   ZeroWireload          tcbn28hpmbwp35ss0p81v125c
  ConvBuffer         ZeroWireload          tcbn28hpmbwp35ss0p81v125c
  SystolicArray2D    ZeroWireload          tcbn28hpmbwp35ss0p81v125c
  SystolicPod        ZeroWireload          tcbn28hpmbwp35ss0p81v125c
  Queue              ZeroWireload          tcbn28hpmbwp35ss0p81v125c

  Point                                                   Incr       Path
  --------------------------------------------------------------------------
  clock global_clk (rise edge)                            0.00       0.00
  clock network delay (ideal)                             0.00       0.00
  array/PE_22_2/w1_reg_1_/CP (DFQD2BWP35)                 0.00 #     0.00 r
  array/PE_22_2/w1_reg_1_/Q (DFQD2BWP35)                  0.12       0.12 f
  array/PE_22_2/U13/ZN (CKND2D1BWP35)                     0.06       0.18 r
  array/PE_22_2/U358/ZN (OAI22D1BWP35)                    0.05       0.23 f
  array/PE_22_2/U361/S (HA1D1BWP35)                       0.05       0.29 r
  array/PE_22_2/U376/S (FA1D1BWP35)                       0.12       0.41 f
  array/PE_22_2/U103/Z (XOR2OPTND2BWP35)                  0.04       0.45 f
  array/PE_22_2/U16/Z (XOR2D1BWP35)                       0.06       0.51 r
  array/PE_22_2/U3/ZN (TPND2D1BWP35)                      0.03       0.53 f
  array/PE_22_2/U35/ZN (OAI21D1BWP35)                     0.04       0.57 r
  array/PE_22_2/U123/ZN (AOI21OPTPBD2BWP35)               0.03       0.60 f
  array/PE_22_2/U93/ZN (OAI21D0BWP35)                     0.05       0.65 r
  array/PE_22_2/U24/ZN (AOI21OPTPBD1BWP35)                0.03       0.68 f
  array/PE_22_2/U23/ZN (OAI21D0BWP35)                     0.04       0.72 r
  array/PE_22_2/U122/ZN (XNR2D0BWP35)                     0.07       0.79 f
  array/PE_22_2/U455/Z (AO22D0BWP35)                      0.07       0.86 f
  array/PE_22_2/io_p_out[15] (ProcessingElement_317)      0.00       0.86 f
  array/U21794/Z (OR2XD1BWP35)                            0.04       0.90 f
  array/U21795/ZN (ND2D1BWP35)                            0.02       0.91 r
  array/U21796/ZN (XNR2OPTND2BWP35)                       0.04       0.95 r
  array/REG_34_reg_15_/D (DFQD1BWP35)                     0.00       0.95 r
  data arrival time                                                  0.95

  clock global_clk (rise edge)                            1.00       1.00
  clock network delay (ideal)                             0.00       1.00
  array/REG_34_reg_15_/CP (DFQD1BWP35)                    0.00       1.00 r
  library setup time                                     -0.05       0.95
  data required time                                                 0.95
  --------------------------------------------------------------------------
  data required time                                                 0.95
  data arrival time                                                 -0.95
  --------------------------------------------------------------------------
  slack (MET)                                                        0.00


1
